#
# There is insufficient memory for the Java Runtime Environment to continue.
# Native memory allocation (malloc) failed to allocate 1048576 bytes for AllocateHeap
# Possible reasons:
#   The system is out of physical RAM or swap space
#   The process is running with CompressedOops enabled, and the Java Heap may be blocking the growth of the native heap
# Possible solutions:
#   Reduce memory load on the system
#   Increase physical memory or swap space
#   Check if swap backing store is full
#   Decrease Java heap size (-Xmx/-Xms)
#   Decrease number of Java threads
#   Decrease Java thread stack sizes (-Xss)
#   Set larger code cache with -XX:ReservedCodeCacheSize=
# This output file may be truncated or incomplete.
#
#  Out of Memory Error (./src/hotspot/share/memory/allocation.cpp:46), pid=15620, tid=15928
#
# JRE version:  (11.0.12+7) (build )
# Java VM: OpenJDK 64-Bit Server VM (11.0.12+7-b1504.28-7817840, mixed mode, sharing, tiered, compressed oops, g1 gc, windows-amd64)
# No core dump will be written. Minidumps are not enabled by default on client versions of Windows
#

---------------  S U M M A R Y ------------

Command Line: 

Host: Intel(R) Core(TM) i5-7200U CPU @ 2.50GHz, 4 cores, 15G,  Windows 10 , 64 bit Build 22000 (10.0.22000.708)
Time: Tue Jun  7 08:54:55 2022 SE Asia Standard Time elapsed time: 0.016984 seconds (0d 0h 0m 0s)

---------------  T H R E A D  ---------------

Current thread (0x000002679ba7e800):  JavaThread "Unknown thread" [_thread_in_vm, id=15928, stack(0x000000c99c600000,0x000000c99c700000)]

Stack: [0x000000c99c600000,0x000000c99c700000]
Native frames: (J=compiled Java code, j=interpreted, Vv=VM code, C=native code)
V  [jvm.dll+0x5fbcea]
V  [jvm.dll+0x731905]
V  [jvm.dll+0x732f1d]
V  [jvm.dll+0x7335d3]
V  [jvm.dll+0x247bf8]
V  [jvm.dll+0xb7684]
V  [jvm.dll+0x2e8677]
V  [jvm.dll+0x2e17ea]
V  [jvm.dll+0x710037]
V  [jvm.dll+0x71182c]
V  [jvm.dll+0x360da9]
V  [jvm.dll+0x6f390e]
V  [jvm.dll+0x3c9723]
V  [jvm.dll+0x3cb9b1]
C  [jli.dll+0x536b]
C  [ucrtbase.dll+0x26c0c]
C  [KERNEL32.DLL+0x154e0]
C  [ntdll.dll+0x485b]


---------------  P R O C E S S  ---------------

Threads class SMR info:
_java_thread_list=0x0000026799930aa0, length=0, elements={
}

Java Threads: ( => current thread )

Other Threads:
  0x000002679ba97000 GCTaskThread "GC Thread#0" [stack: 0x000000c99c700000,0x000000c99c800000] [id=16300]

[error occurred during error reporting (printing all threads), id 0xc0000005, EXCEPTION_ACCESS_VIOLATION (0xc0000005) at pc=0x00007ffb2e2dd9b0]

VM state:not at safepoint (not fully initialized)

VM Mutex/Monitor currently owned by a thread:  ([mutex/lock_event])
[0x000002679ba7bd70] Heap_lock - owner thread: 0x000002679ba7e800

Heap address: 0x0000000702000000, size: 4064 MB, Compressed Oops mode: Non-zero based: 0x0000000702000000
Narrow klass base: 0x0000000000000000, Narrow klass shift: 0

GC Heap History (0 events):
No events

Deoptimization events (0 events):
No events

Classes redefined (0 events):
No events

Internal exceptions (0 events):
No events

Events (1 events):
Event: 0.011 Loaded shared library C:\Program Files\Android\Android Studio\jre\bin\zip.dll


Dynamic libraries:
0x00007ff7901c0000 - 0x00007ff7901ca000 	C:\Program Files\Android\Android Studio\jre\bin\java.EXE
0x00007ffba8160000 - 0x00007ffba8369000 	C:\WINDOWS\SYSTEM32\ntdll.dll
0x00007ffba62a0000 - 0x00007ffba635d000 	C:\WINDOWS\System32\KERNEL32.DLL
0x00007ffba5730000 - 0x00007ffba5aa9000 	C:\WINDOWS\System32\KERNELBASE.dll
0x00007ffba5ed0000 - 0x00007ffba5fe1000 	C:\WINDOWS\System32\ucrtbase.dll
0x00007ffba1300000 - 0x00007ffba1319000 	C:\Program Files\Android\Android Studio\jre\bin\jli.dll
0x00007ffb95850000 - 0x00007ffb95867000 	C:\Program Files\Android\Android Studio\jre\bin\VCRUNTIME140.dll
0x00007ffba7af0000 - 0x00007ffba7c9c000 	C:\WINDOWS\System32\USER32.dll
0x00007ffba5c90000 - 0x00007ffba5cb6000 	C:\WINDOWS\System32\win32u.dll
0x00007ffb933d0000 - 0x00007ffb93675000 	C:\WINDOWS\WinSxS\amd64_microsoft.windows.common-controls_6595b64144ccf1df_6.0.22000.120_none_9d947278b86cc467\COMCTL32.dll
0x00007ffba6d30000 - 0x00007ffba6d59000 	C:\WINDOWS\System32\GDI32.dll
0x00007ffba78a0000 - 0x00007ffba7943000 	C:\WINDOWS\System32\msvcrt.dll
0x00007ffba5ab0000 - 0x00007ffba5bc2000 	C:\WINDOWS\System32\gdi32full.dll
0x00007ffba5cc0000 - 0x00007ffba5d5d000 	C:\WINDOWS\System32\msvcp_win.dll
0x00007ffba6f20000 - 0x00007ffba6f51000 	C:\WINDOWS\System32\IMM32.DLL
0x00007ffb332d0000 - 0x00007ffb3336d000 	C:\Program Files\Android\Android Studio\jre\bin\msvcp140.dll
0x00007ffb2dff0000 - 0x00007ffb2ead5000 	C:\Program Files\Android\Android Studio\jre\bin\server\jvm.dll
0x00007ffba7790000 - 0x00007ffba783e000 	C:\WINDOWS\System32\ADVAPI32.dll
0x00007ffba61e0000 - 0x00007ffba627e000 	C:\WINDOWS\System32\sechost.dll
0x00007ffba60a0000 - 0x00007ffba61c0000 	C:\WINDOWS\System32\RPCRT4.dll
0x00007ffba7450000 - 0x00007ffba7458000 	C:\WINDOWS\System32\PSAPI.DLL
0x00007ffba0110000 - 0x00007ffba0143000 	C:\WINDOWS\SYSTEM32\WINMM.dll
0x00007ffb91410000 - 0x00007ffb91419000 	C:\WINDOWS\SYSTEM32\WSOCK32.dll
0x00007ffb97030000 - 0x00007ffb9703a000 	C:\WINDOWS\SYSTEM32\VERSION.dll
0x00007ffba7720000 - 0x00007ffba778f000 	C:\WINDOWS\System32\WS2_32.dll
0x00007ffba4830000 - 0x00007ffba4848000 	C:\WINDOWS\SYSTEM32\kernel.appcore.dll
0x00007ffb95830000 - 0x00007ffb95841000 	C:\Program Files\Android\Android Studio\jre\bin\verify.dll
0x00007ffba3320000 - 0x00007ffba3541000 	C:\WINDOWS\SYSTEM32\DBGHELP.DLL
0x00007ffb8b5d0000 - 0x00007ffb8b601000 	C:\WINDOWS\SYSTEM32\dbgcore.DLL
0x00007ffba5640000 - 0x00007ffba56bf000 	C:\WINDOWS\System32\bcryptPrimitives.dll
0x00007ffb332a0000 - 0x00007ffb332c9000 	C:\Program Files\Android\Android Studio\jre\bin\java.dll
0x00007ffb95820000 - 0x00007ffb9582b000 	C:\Program Files\Android\Android Studio\jre\bin\jimage.dll
0x00007ffb8e9e0000 - 0x00007ffb8e9f8000 	C:\Program Files\Android\Android Studio\jre\bin\zip.dll

dbghelp: loaded successfully - version: 4.0.5 - missing functions: none
symbol engine: initialized successfully - sym options: 0x614 - pdb path: .;C:\Program Files\Android\Android Studio\jre\bin;C:\WINDOWS\SYSTEM32;C:\WINDOWS\WinSxS\amd64_microsoft.windows.common-controls_6595b64144ccf1df_6.0.22000.120_none_9d947278b86cc467;C:\Program Files\Android\Android Studio\jre\bin\server

VM Arguments:
java_command: <unknown>
java_class_path (initial): <not set>
Launcher Type: SUN_STANDARD

[Global flags]
     intx CICompilerCount                          = 3                                         {product} {ergonomic}
     uint ConcGCThreads                            = 1                                         {product} {ergonomic}
     uint G1ConcRefinementThreads                  = 4                                         {product} {ergonomic}
   size_t G1HeapRegionSize                         = 1048576                                   {product} {ergonomic}
    uintx GCDrainStackTargetSize                   = 64                                        {product} {ergonomic}
   size_t InitialHeapSize                          = 266338304                                 {product} {ergonomic}
   size_t MarkStackSize                            = 4194304                                   {product} {ergonomic}
   size_t MaxHeapSize                              = 4261412864                                {product} {ergonomic}
   size_t MinHeapDeltaBytes                        = 1048576                                   {product} {ergonomic}
    uintx NonNMethodCodeHeapSize                   = 5830732                                {pd product} {ergonomic}
    uintx NonProfiledCodeHeapSize                  = 122913754                              {pd product} {ergonomic}
    uintx ProfiledCodeHeapSize                     = 122913754                              {pd product} {ergonomic}
    uintx ReservedCodeCacheSize                    = 251658240                              {pd product} {ergonomic}
     bool SegmentedCodeCache                       = true                                      {product} {ergonomic}
     bool UseCompressedClassPointers               = true                                 {lp64_product} {ergonomic}
     bool UseCompressedOops                        = true                                 {lp64_product} {ergonomic}
     bool UseG1GC                                  = true                                      {product} {ergonomic}
     bool UseLargePagesIndividualAllocation        = false                                  {pd product} {ergonomic}

Logging:
Log output configuration:
 #0: stdout all=warning uptime,level,tags
 #1: stderr all=off uptime,level,tags

Environment Variables:
PATH=C:\WINDOWS\system32;C:\WINDOWS;C:\WINDOWS\System32\Wbem;C:\WINDOWS\System32\WindowsPowerShell\v1.0\;C:\WINDOWS\System32\OpenSSH\;D:\Program Files\Git\cmd;C:\Program Files\Java\jdk-16.0.2\bin;C:\Program Files\Cloudflare\Cloudflare WARP;C:\Program Files\dotnet\;C:\Users\Kien\AppData\Local\Android\Sdk\platform-tools;C:\Program Files (x86)\Intel\Intel(R) Management Engine Components\DAL;C:\Program Files\Intel\Intel(R) Management Engine Components\DAL;C:\Users\Kien\AppData\Local\Microsoft\WindowsApps;D:\Program Files\flutter\bin;C:\Users\Kien\AppData\Local\GitHubDesktop\bin;D:\Program Files\Microsoft VS Code\bin;C:\Users\Kien\AppData\Local\Android\Sdk\platform-tools;;D:\Program Files\flutter\bin\mingit\cmd
USERNAME=Kien
OS=Windows_NT
PROCESSOR_IDENTIFIER=Intel64 Family 6 Model 142 Stepping 9, GenuineIntel



---------------  S Y S T E M  ---------------

OS: Windows 10 , 64 bit Build 22000 (10.0.22000.708)
OS uptime: 0 days 0:18 hours

CPU:total 4 (initial active 4) (2 cores per cpu, 2 threads per core) family 6 model 142 stepping 9 microcode 0xf0, cmov, cx8, fxsr, mmx, sse, sse2, sse3, ssse3, sse4.1, sse4.2, popcnt, avx, avx2, aes, clmul, erms, 3dnowpref, lzcnt, ht, tsc, tscinvbit, bmi1, bmi2, adx, fma

Memory: 4k page, system-wide physical 16249M (1369M free)
TotalPageFile size 30449M (AvailPageFile size 3M)
current process WorkingSet (physical memory assigned to process): 10M, peak: 10M
current process commit charge ("private bytes"): 47M, peak: 48M

vm_info: OpenJDK 64-Bit Server VM (11.0.12+7-b1504.28-7817840) for windows-amd64 JRE (11.0.12+7-b1504.28-7817840), built on Oct 13 2021 22:12:33 by "builder" with MS VC++ 14.0 (VS2015)

END.
