#
# There is insufficient memory for the Java Runtime Environment to continue.
# Native memory allocation (malloc) failed to allocate 1844656 bytes for Chunk::new
# Possible reasons:
#   The system is out of physical RAM or swap space
#   The process is running with CompressedOops enabled, and the Java Heap may be blocking the growth of the native heap
# Possible solutions:
#   Reduce memory load on the system
#   Increase physical memory or swap space
#   Check if swap backing store is full
#   Decrease Java heap size (-Xmx/-Xms)
#   Decrease number of Java threads
#   Decrease Java thread stack sizes (-Xss)
#   Set larger code cache with -XX:ReservedCodeCacheSize=
#   JVM is running with Unscaled Compressed Oops mode in which the Java heap is
#     placed in the first 4GB address space. The Java Heap base address is the
#     maximum limit for the native heap growth. Please use -XX:HeapBaseMinAddress
#     to set the Java Heap base and to place the Java Heap above 4GB virtual address.
# This output file may be truncated or incomplete.
#
#  Out of Memory Error (./src/hotspot/share/memory/arena.cpp:197), pid=9104, tid=17660
#
# JRE version: OpenJDK Runtime Environment (11.0.12+7) (build 11.0.12+7-b1504.28-7817840)
# Java VM: OpenJDK 64-Bit Server VM (11.0.12+7-b1504.28-7817840, mixed mode, tiered, compressed oops, g1 gc, windows-amd64)
# No core dump will be written. Minidumps are not enabled by default on client versions of Windows
#

---------------  S U M M A R Y ------------

Command Line: --add-opens=java.base/java.util=ALL-UNNAMED --add-opens=java.base/java.lang=ALL-UNNAMED --add-opens=java.base/java.lang.invoke=ALL-UNNAMED --add-opens=java.prefs/java.util.prefs=ALL-UNNAMED -Xmx1536M -Dfile.encoding=windows-1252 -Duser.country=US -Duser.language=en -Duser.variant org.gradle.launcher.daemon.bootstrap.GradleDaemon 6.7

Host: Intel(R) Core(TM) i5-7200U CPU @ 2.50GHz, 4 cores, 15G,  Windows 10 , 64 bit Build 22000 (10.0.22000.708)
Time: Tue Jun  7 08:53:40 2022 SE Asia Standard Time elapsed time: 6.740043 seconds (0d 0h 0m 6s)

---------------  T H R E A D  ---------------

Current thread (0x000001dd16e87800):  JavaThread "C2 CompilerThread1" daemon [_thread_in_native, id=17660, stack(0x000000dd7a100000,0x000000dd7a200000)]


Current CompileTask:
C2:   6740 2080       4       java.net.URLClassLoader$1::run (5 bytes)

Stack: [0x000000dd7a100000,0x000000dd7a200000]
Native frames: (J=compiled Java code, j=interpreted, Vv=VM code, C=native code)
V  [jvm.dll+0x5fbcea]
V  [jvm.dll+0x731905]
V  [jvm.dll+0x732f1d]
V  [jvm.dll+0x7335d3]
V  [jvm.dll+0x247bf8]
V  [jvm.dll+0xc018c]
V  [jvm.dll+0xc06cc]
V  [jvm.dll+0x35b2db]
V  [jvm.dll+0x328803]
V  [jvm.dll+0x327cfa]
V  [jvm.dll+0x200602]
V  [jvm.dll+0x1ff794]
V  [jvm.dll+0x18868c]
V  [jvm.dll+0x20e0d7]
V  [jvm.dll+0x20c901]
V  [jvm.dll+0x6f9b7f]
V  [jvm.dll+0x6f26a5]
V  [jvm.dll+0x5fabf6]
C  [ucrtbase.dll+0x26c0c]
C  [KERNEL32.DLL+0x154e0]
C  [ntdll.dll+0x485b]


---------------  P R O C E S S  ---------------

Threads class SMR info:
_java_thread_list=0x000001dd19043c90, length=24, elements={
0x000001dd7b650800, 0x000001dd7fcfd000, 0x000001dd7fcfe000, 0x000001dd16aaf800,
0x000001dd16ab0800, 0x000001dd16ab3800, 0x000001dd16ab5000, 0x000001dd16ab8000,
0x000001dd16b20000, 0x000001dd16c1d800, 0x000001dd18a0c000, 0x000001dd18a07800,
0x000001dd17bbc800, 0x000001dd1824d800, 0x000001dd17856800, 0x000001dd18a47000,
0x000001dd18811800, 0x000001dd18121800, 0x000001dd188d8000, 0x000001dd188d0000,
0x000001dd188cc000, 0x000001dd188cd800, 0x000001dd188d1000, 0x000001dd16e87800
}

Java Threads: ( => current thread )
  0x000001dd7b650800 JavaThread "main" [_thread_blocked, id=13172, stack(0x000000dd77e00000,0x000000dd77f00000)]
  0x000001dd7fcfd000 JavaThread "Reference Handler" daemon [_thread_blocked, id=12076, stack(0x000000dd78500000,0x000000dd78600000)]
  0x000001dd7fcfe000 JavaThread "Finalizer" daemon [_thread_blocked, id=11936, stack(0x000000dd78600000,0x000000dd78700000)]
  0x000001dd16aaf800 JavaThread "Signal Dispatcher" daemon [_thread_blocked, id=3228, stack(0x000000dd78700000,0x000000dd78800000)]
  0x000001dd16ab0800 JavaThread "Attach Listener" daemon [_thread_blocked, id=19916, stack(0x000000dd78800000,0x000000dd78900000)]
  0x000001dd16ab3800 JavaThread "Service Thread" daemon [_thread_blocked, id=11976, stack(0x000000dd78900000,0x000000dd78a00000)]
  0x000001dd16ab5000 JavaThread "C2 CompilerThread0" daemon [_thread_in_native, id=15860, stack(0x000000dd78a00000,0x000000dd78b00000)]
  0x000001dd16ab8000 JavaThread "C1 CompilerThread0" daemon [_thread_in_vm, id=14476, stack(0x000000dd78b00000,0x000000dd78c00000)]
  0x000001dd16b20000 JavaThread "Sweeper thread" daemon [_thread_blocked, id=19664, stack(0x000000dd78c00000,0x000000dd78d00000)]
  0x000001dd16c1d800 JavaThread "Common-Cleaner" daemon [_thread_blocked, id=11672, stack(0x000000dd78d00000,0x000000dd78e00000)]
  0x000001dd18a0c000 JavaThread "Daemon health stats" [_thread_blocked, id=18112, stack(0x000000dd79300000,0x000000dd79400000)]
  0x000001dd18a07800 JavaThread "Incoming local TCP Connector on port 51024" [_thread_in_native, id=19256, stack(0x000000dd79600000,0x000000dd79700000)]
  0x000001dd17bbc800 JavaThread "Daemon periodic checks" [_thread_blocked, id=10336, stack(0x000000dd79700000,0x000000dd79800000)]
  0x000001dd1824d800 JavaThread "Daemon" [_thread_blocked, id=11192, stack(0x000000dd79800000,0x000000dd79900000)]
  0x000001dd17856800 JavaThread "Handler for socket connection from /127.0.0.1:51024 to /127.0.0.1:51025" [_thread_in_native, id=12924, stack(0x000000dd79900000,0x000000dd79a00000)]
  0x000001dd18a47000 JavaThread "Cancel handler" [_thread_blocked, id=20112, stack(0x000000dd79a00000,0x000000dd79b00000)]
  0x000001dd18811800 JavaThread "Daemon worker" [_thread_in_vm, id=9544, stack(0x000000dd79b00000,0x000000dd79c00000)]
  0x000001dd18121800 JavaThread "Asynchronous log dispatcher for DefaultDaemonConnection: socket connection from /127.0.0.1:51024 to /127.0.0.1:51025" [_thread_blocked, id=20004, stack(0x000000dd79c00000,0x000000dd79d00000)]
  0x000001dd188d8000 JavaThread "Stdin handler" [_thread_blocked, id=17188, stack(0x000000dd79d00000,0x000000dd79e00000)]
  0x000001dd188d0000 JavaThread "Thread-8" [_thread_blocked, id=17120, stack(0x000000dd79e00000,0x000000dd79f00000)]
  0x000001dd188cc000 JavaThread "Cache worker for file hash cache (C:\Users\Kien\.gradle\caches\6.7\fileHashes)" [_thread_blocked, id=1848, stack(0x000000dd79f00000,0x000000dd7a000000)]
  0x000001dd188cd800 JavaThread "File lock request listener" [_thread_in_native, id=20460, stack(0x000000dd7a000000,0x000000dd7a100000)]
  0x000001dd188d1000 JavaThread "Cache worker for journal cache (C:\Users\Kien\.gradle\caches\journal-1)" [_thread_blocked, id=10888, stack(0x000000dd78f00000,0x000000dd79000000)]
=>0x000001dd16e87800 JavaThread "C2 CompilerThread1" daemon [_thread_in_native, id=17660, stack(0x000000dd7a100000,0x000000dd7a200000)]

Other Threads:
  0x000001dd7fcf6800 VMThread "VM Thread" [stack: 0x000000dd78400000,0x000000dd78500000] [id=19320]
  0x000001dd16c5e000 WatcherThread [stack: 0x000000dd78e00000,0x000000dd78f00000] [id=10024]
  0x000001dd7b668800 GCTaskThread "GC Thread#0" [stack: 0x000000dd77f00000,0x000000dd78000000] [id=3284]
  0x000001dd17276800 GCTaskThread "GC Thread#1" [stack: 0x000000dd79000000,0x000000dd79100000] [id=19016]
  0x000001dd1746b000 GCTaskThread "GC Thread#2" [stack: 0x000000dd79100000,0x000000dd79200000] [id=2880]
  0x000001dd1745f800 GCTaskThread "GC Thread#3" [stack: 0x000000dd79200000,0x000000dd79300000] [id=8620]
  0x000001dd7b68e800 ConcurrentGCThread "G1 Main Marker" [stack: 0x000000dd78000000,0x000000dd78100000] [id=12024]
  0x000001dd7b690000 ConcurrentGCThread "G1 Conc#0" [stack: 0x000000dd78100000,0x000000dd78200000] [id=19600]
  0x000001dd7b72e800 ConcurrentGCThread "G1 Refine#0" [stack: 0x000000dd78200000,0x000000dd78300000] [id=14128]
  0x000001dd7fb5e800 ConcurrentGCThread "G1 Young RemSet Sampling" [stack: 0x000000dd78300000,0x000000dd78400000] [id=17704]

Threads with active compile tasks:
C2 CompilerThread0   6796 2079   !   4       java.net.URLClassLoader$1::run (63 bytes)
C2 CompilerThread1   6796 2080       4       java.net.URLClassLoader$1::run (5 bytes)

VM state:not at safepoint (normal execution)

VM Mutex/Monitor currently owned by a thread: None

Heap address: 0x00000000a0000000, size: 1536 MB, Compressed Oops mode: 32-bit
Narrow klass base: 0x0000000000000000, Narrow klass shift: 3
Compressed class space size: 1073741824 Address: 0x0000000100000000

Heap:
 garbage-first heap   total 260096K, used 42879K [0x00000000a0000000, 0x0000000100000000)
  region size 1024K, 32 young (32768K), 4 survivors (4096K)
 Metaspace       used 23768K, capacity 24344K, committed 24576K, reserved 1071104K
  class space    used 3016K, capacity 3210K, committed 3328K, reserved 1048576K
Heap Regions: E=young(eden), S=young(survivor), O=old, HS=humongous(starts), HC=humongous(continues), CS=collection set, F=free, A=archive, TAMS=top-at-mark-start (previous, next)
|   0|0x00000000a0000000, 0x00000000a0100000, 0x00000000a0100000|100%| O|  |TAMS 0x00000000a0100000, 0x00000000a0000000| Untracked 
|   1|0x00000000a0100000, 0x00000000a0200000, 0x00000000a0200000|100%| O|  |TAMS 0x00000000a0200000, 0x00000000a0100000| Untracked 
|   2|0x00000000a0200000, 0x00000000a0300000, 0x00000000a0300000|100%| O|  |TAMS 0x00000000a0300000, 0x00000000a0200000| Untracked 
|   3|0x00000000a0300000, 0x00000000a0400000, 0x00000000a0400000|100%|HS|  |TAMS 0x00000000a0400000, 0x00000000a0300000| Complete 
|   4|0x00000000a0400000, 0x00000000a0500000, 0x00000000a0500000|100%|HC|  |TAMS 0x00000000a0500000, 0x00000000a0400000| Complete 
|   5|0x00000000a0500000, 0x00000000a0600000, 0x00000000a0600000|100%|HC|  |TAMS 0x00000000a0600000, 0x00000000a0500000| Complete 
|   6|0x00000000a0600000, 0x00000000a0700000, 0x00000000a0700000|100%| O|  |TAMS 0x00000000a0700000, 0x00000000a0600000| Untracked 
|   7|0x00000000a0700000, 0x00000000a0800000, 0x00000000a0800000|100%| O|  |TAMS 0x00000000a0800000, 0x00000000a0700000| Untracked 
|   8|0x00000000a0800000, 0x00000000a0900000, 0x00000000a0900000|100%| O|  |TAMS 0x00000000a0900000, 0x00000000a0800000| Untracked 
|   9|0x00000000a0900000, 0x00000000a0a00000, 0x00000000a0a00000|100%| O|  |TAMS 0x00000000a0a00000, 0x00000000a0900000| Untracked 
|  10|0x00000000a0a00000, 0x00000000a0b00000, 0x00000000a0b00000|100%| O|  |TAMS 0x00000000a0b00000, 0x00000000a0a00000| Untracked 
|  11|0x00000000a0b00000, 0x00000000a0c00000, 0x00000000a0c00000|100%| O|  |TAMS 0x00000000a0c00000, 0x00000000a0b00000| Untracked 
|  12|0x00000000a0c00000, 0x00000000a0c89e00, 0x00000000a0d00000| 53%| O|  |TAMS 0x00000000a0c89e00, 0x00000000a0c00000| Untracked 
|  13|0x00000000a0d00000, 0x00000000a0d00000, 0x00000000a0e00000|  0%| F|  |TAMS 0x00000000a0d00000, 0x00000000a0d00000| Untracked 
|  14|0x00000000a0e00000, 0x00000000a0e00000, 0x00000000a0f00000|  0%| F|  |TAMS 0x00000000a0e00000, 0x00000000a0e00000| Untracked 
|  15|0x00000000a0f00000, 0x00000000a0f00000, 0x00000000a1000000|  0%| F|  |TAMS 0x00000000a0f00000, 0x00000000a0f00000| Untracked 
|  16|0x00000000a1000000, 0x00000000a1000000, 0x00000000a1100000|  0%| F|  |TAMS 0x00000000a1000000, 0x00000000a1000000| Untracked 
|  17|0x00000000a1100000, 0x00000000a1100000, 0x00000000a1200000|  0%| F|  |TAMS 0x00000000a1100000, 0x00000000a1100000| Untracked 
|  18|0x00000000a1200000, 0x00000000a1200000, 0x00000000a1300000|  0%| F|  |TAMS 0x00000000a1200000, 0x00000000a1200000| Untracked 
|  19|0x00000000a1300000, 0x00000000a1300000, 0x00000000a1400000|  0%| F|  |TAMS 0x00000000a1300000, 0x00000000a1300000| Untracked 
|  20|0x00000000a1400000, 0x00000000a1400000, 0x00000000a1500000|  0%| F|  |TAMS 0x00000000a1400000, 0x00000000a1400000| Untracked 
|  21|0x00000000a1500000, 0x00000000a1500000, 0x00000000a1600000|  0%| F|  |TAMS 0x00000000a1500000, 0x00000000a1500000| Untracked 
|  22|0x00000000a1600000, 0x00000000a1600000, 0x00000000a1700000|  0%| F|  |TAMS 0x00000000a1600000, 0x00000000a1600000| Untracked 
|  23|0x00000000a1700000, 0x00000000a1700000, 0x00000000a1800000|  0%| F|  |TAMS 0x00000000a1700000, 0x00000000a1700000| Untracked 
|  24|0x00000000a1800000, 0x00000000a1800000, 0x00000000a1900000|  0%| F|  |TAMS 0x00000000a1800000, 0x00000000a1800000| Untracked 
|  25|0x00000000a1900000, 0x00000000a1900000, 0x00000000a1a00000|  0%| F|  |TAMS 0x00000000a1900000, 0x00000000a1900000| Untracked 
|  26|0x00000000a1a00000, 0x00000000a1a00000, 0x00000000a1b00000|  0%| F|  |TAMS 0x00000000a1a00000, 0x00000000a1a00000| Untracked 
|  27|0x00000000a1b00000, 0x00000000a1b00000, 0x00000000a1c00000|  0%| F|  |TAMS 0x00000000a1b00000, 0x00000000a1b00000| Untracked 
|  28|0x00000000a1c00000, 0x00000000a1c00000, 0x00000000a1d00000|  0%| F|  |TAMS 0x00000000a1c00000, 0x00000000a1c00000| Untracked 
|  29|0x00000000a1d00000, 0x00000000a1d00000, 0x00000000a1e00000|  0%| F|  |TAMS 0x00000000a1d00000, 0x00000000a1d00000| Untracked 
|  30|0x00000000a1e00000, 0x00000000a1e00000, 0x00000000a1f00000|  0%| F|  |TAMS 0x00000000a1e00000, 0x00000000a1e00000| Untracked 
|  31|0x00000000a1f00000, 0x00000000a1f00000, 0x00000000a2000000|  0%| F|  |TAMS 0x00000000a1f00000, 0x00000000a1f00000| Untracked 
|  32|0x00000000a2000000, 0x00000000a2000000, 0x00000000a2100000|  0%| F|  |TAMS 0x00000000a2000000, 0x00000000a2000000| Untracked 
|  33|0x00000000a2100000, 0x00000000a2100000, 0x00000000a2200000|  0%| F|  |TAMS 0x00000000a2100000, 0x00000000a2100000| Untracked 
|  34|0x00000000a2200000, 0x00000000a2200000, 0x00000000a2300000|  0%| F|  |TAMS 0x00000000a2200000, 0x00000000a2200000| Untracked 
|  35|0x00000000a2300000, 0x00000000a2300000, 0x00000000a2400000|  0%| F|  |TAMS 0x00000000a2300000, 0x00000000a2300000| Untracked 
|  36|0x00000000a2400000, 0x00000000a2400000, 0x00000000a2500000|  0%| F|  |TAMS 0x00000000a2400000, 0x00000000a2400000| Untracked 
|  37|0x00000000a2500000, 0x00000000a2500000, 0x00000000a2600000|  0%| F|  |TAMS 0x00000000a2500000, 0x00000000a2500000| Untracked 
|  38|0x00000000a2600000, 0x00000000a2600000, 0x00000000a2700000|  0%| F|  |TAMS 0x00000000a2600000, 0x00000000a2600000| Untracked 
|  39|0x00000000a2700000, 0x00000000a2700000, 0x00000000a2800000|  0%| F|  |TAMS 0x00000000a2700000, 0x00000000a2700000| Untracked 
|  40|0x00000000a2800000, 0x00000000a2800000, 0x00000000a2900000|  0%| F|  |TAMS 0x00000000a2800000, 0x00000000a2800000| Untracked 
|  41|0x00000000a2900000, 0x00000000a2900000, 0x00000000a2a00000|  0%| F|  |TAMS 0x00000000a2900000, 0x00000000a2900000| Untracked 
|  42|0x00000000a2a00000, 0x00000000a2a00000, 0x00000000a2b00000|  0%| F|  |TAMS 0x00000000a2a00000, 0x00000000a2a00000| Untracked 
|  43|0x00000000a2b00000, 0x00000000a2b00000, 0x00000000a2c00000|  0%| F|  |TAMS 0x00000000a2b00000, 0x00000000a2b00000| Untracked 
|  44|0x00000000a2c00000, 0x00000000a2c00000, 0x00000000a2d00000|  0%| F|  |TAMS 0x00000000a2c00000, 0x00000000a2c00000| Untracked 
|  45|0x00000000a2d00000, 0x00000000a2d00000, 0x00000000a2e00000|  0%| F|  |TAMS 0x00000000a2d00000, 0x00000000a2d00000| Untracked 
|  46|0x00000000a2e00000, 0x00000000a2e00000, 0x00000000a2f00000|  0%| F|  |TAMS 0x00000000a2e00000, 0x00000000a2e00000| Untracked 
|  47|0x00000000a2f00000, 0x00000000a2f00000, 0x00000000a3000000|  0%| F|  |TAMS 0x00000000a2f00000, 0x00000000a2f00000| Untracked 
|  48|0x00000000a3000000, 0x00000000a3000000, 0x00000000a3100000|  0%| F|  |TAMS 0x00000000a3000000, 0x00000000a3000000| Untracked 
|  49|0x00000000a3100000, 0x00000000a3100000, 0x00000000a3200000|  0%| F|  |TAMS 0x00000000a3100000, 0x00000000a3100000| Untracked 
|  50|0x00000000a3200000, 0x00000000a3200000, 0x00000000a3300000|  0%| F|  |TAMS 0x00000000a3200000, 0x00000000a3200000| Untracked 
|  51|0x00000000a3300000, 0x00000000a3300000, 0x00000000a3400000|  0%| F|  |TAMS 0x00000000a3300000, 0x00000000a3300000| Untracked 
|  52|0x00000000a3400000, 0x00000000a3400000, 0x00000000a3500000|  0%| F|  |TAMS 0x00000000a3400000, 0x00000000a3400000| Untracked 
|  53|0x00000000a3500000, 0x00000000a3500000, 0x00000000a3600000|  0%| F|  |TAMS 0x00000000a3500000, 0x00000000a3500000| Untracked 
|  54|0x00000000a3600000, 0x00000000a3600000, 0x00000000a3700000|  0%| F|  |TAMS 0x00000000a3600000, 0x00000000a3600000| Untracked 
|  55|0x00000000a3700000, 0x00000000a3700000, 0x00000000a3800000|  0%| F|  |TAMS 0x00000000a3700000, 0x00000000a3700000| Untracked 
|  56|0x00000000a3800000, 0x00000000a3800000, 0x00000000a3900000|  0%| F|  |TAMS 0x00000000a3800000, 0x00000000a3800000| Untracked 
|  57|0x00000000a3900000, 0x00000000a3900000, 0x00000000a3a00000|  0%| F|  |TAMS 0x00000000a3900000, 0x00000000a3900000| Untracked 
|  58|0x00000000a3a00000, 0x00000000a3a00000, 0x00000000a3b00000|  0%| F|  |TAMS 0x00000000a3a00000, 0x00000000a3a00000| Untracked 
|  59|0x00000000a3b00000, 0x00000000a3b00000, 0x00000000a3c00000|  0%| F|  |TAMS 0x00000000a3b00000, 0x00000000a3b00000| Untracked 
|  60|0x00000000a3c00000, 0x00000000a3c00000, 0x00000000a3d00000|  0%| F|  |TAMS 0x00000000a3c00000, 0x00000000a3c00000| Untracked 
|  61|0x00000000a3d00000, 0x00000000a3d00000, 0x00000000a3e00000|  0%| F|  |TAMS 0x00000000a3d00000, 0x00000000a3d00000| Untracked 
|  62|0x00000000a3e00000, 0x00000000a3e00000, 0x00000000a3f00000|  0%| F|  |TAMS 0x00000000a3e00000, 0x00000000a3e00000| Untracked 
|  63|0x00000000a3f00000, 0x00000000a3f00000, 0x00000000a4000000|  0%| F|  |TAMS 0x00000000a3f00000, 0x00000000a3f00000| Untracked 
|  64|0x00000000a4000000, 0x00000000a4000000, 0x00000000a4100000|  0%| F|  |TAMS 0x00000000a4000000, 0x00000000a4000000| Untracked 
|  65|0x00000000a4100000, 0x00000000a4100000, 0x00000000a4200000|  0%| F|  |TAMS 0x00000000a4100000, 0x00000000a4100000| Untracked 
|  66|0x00000000a4200000, 0x00000000a4200000, 0x00000000a4300000|  0%| F|  |TAMS 0x00000000a4200000, 0x00000000a4200000| Untracked 
|  67|0x00000000a4300000, 0x00000000a4300000, 0x00000000a4400000|  0%| F|  |TAMS 0x00000000a4300000, 0x00000000a4300000| Untracked 
|  68|0x00000000a4400000, 0x00000000a4400000, 0x00000000a4500000|  0%| F|  |TAMS 0x00000000a4400000, 0x00000000a4400000| Untracked 
|  69|0x00000000a4500000, 0x00000000a4500000, 0x00000000a4600000|  0%| F|  |TAMS 0x00000000a4500000, 0x00000000a4500000| Untracked 
|  70|0x00000000a4600000, 0x00000000a4600000, 0x00000000a4700000|  0%| F|  |TAMS 0x00000000a4600000, 0x00000000a4600000| Untracked 
|  71|0x00000000a4700000, 0x00000000a4700000, 0x00000000a4800000|  0%| F|  |TAMS 0x00000000a4700000, 0x00000000a4700000| Untracked 
|  72|0x00000000a4800000, 0x00000000a4800000, 0x00000000a4900000|  0%| F|  |TAMS 0x00000000a4800000, 0x00000000a4800000| Untracked 
|  73|0x00000000a4900000, 0x00000000a4900000, 0x00000000a4a00000|  0%| F|  |TAMS 0x00000000a4900000, 0x00000000a4900000| Untracked 
|  74|0x00000000a4a00000, 0x00000000a4a00000, 0x00000000a4b00000|  0%| F|  |TAMS 0x00000000a4a00000, 0x00000000a4a00000| Untracked 
|  75|0x00000000a4b00000, 0x00000000a4b00000, 0x00000000a4c00000|  0%| F|  |TAMS 0x00000000a4b00000, 0x00000000a4b00000| Untracked 
|  76|0x00000000a4c00000, 0x00000000a4c00000, 0x00000000a4d00000|  0%| F|  |TAMS 0x00000000a4c00000, 0x00000000a4c00000| Untracked 
|  77|0x00000000a4d00000, 0x00000000a4d00000, 0x00000000a4e00000|  0%| F|  |TAMS 0x00000000a4d00000, 0x00000000a4d00000| Untracked 
|  78|0x00000000a4e00000, 0x00000000a4e00000, 0x00000000a4f00000|  0%| F|  |TAMS 0x00000000a4e00000, 0x00000000a4e00000| Untracked 
|  79|0x00000000a4f00000, 0x00000000a4f00000, 0x00000000a5000000|  0%| F|  |TAMS 0x00000000a4f00000, 0x00000000a4f00000| Untracked 
|  80|0x00000000a5000000, 0x00000000a5000000, 0x00000000a5100000|  0%| F|  |TAMS 0x00000000a5000000, 0x00000000a5000000| Untracked 
|  81|0x00000000a5100000, 0x00000000a5100000, 0x00000000a5200000|  0%| F|  |TAMS 0x00000000a5100000, 0x00000000a5100000| Untracked 
|  82|0x00000000a5200000, 0x00000000a5200000, 0x00000000a5300000|  0%| F|  |TAMS 0x00000000a5200000, 0x00000000a5200000| Untracked 
|  83|0x00000000a5300000, 0x00000000a5300000, 0x00000000a5400000|  0%| F|  |TAMS 0x00000000a5300000, 0x00000000a5300000| Untracked 
|  84|0x00000000a5400000, 0x00000000a5400000, 0x00000000a5500000|  0%| F|  |TAMS 0x00000000a5400000, 0x00000000a5400000| Untracked 
|  85|0x00000000a5500000, 0x00000000a5500000, 0x00000000a5600000|  0%| F|  |TAMS 0x00000000a5500000, 0x00000000a5500000| Untracked 
|  86|0x00000000a5600000, 0x00000000a5600000, 0x00000000a5700000|  0%| F|  |TAMS 0x00000000a5600000, 0x00000000a5600000| Untracked 
|  87|0x00000000a5700000, 0x00000000a5700000, 0x00000000a5800000|  0%| F|  |TAMS 0x00000000a5700000, 0x00000000a5700000| Untracked 
|  88|0x00000000a5800000, 0x00000000a5800000, 0x00000000a5900000|  0%| F|  |TAMS 0x00000000a5800000, 0x00000000a5800000| Untracked 
|  89|0x00000000a5900000, 0x00000000a5900000, 0x00000000a5a00000|  0%| F|  |TAMS 0x00000000a5900000, 0x00000000a5900000| Untracked 
|  90|0x00000000a5a00000, 0x00000000a5a00000, 0x00000000a5b00000|  0%| F|  |TAMS 0x00000000a5a00000, 0x00000000a5a00000| Untracked 
|  91|0x00000000a5b00000, 0x00000000a5b00000, 0x00000000a5c00000|  0%| F|  |TAMS 0x00000000a5b00000, 0x00000000a5b00000| Untracked 
|  92|0x00000000a5c00000, 0x00000000a5c00000, 0x00000000a5d00000|  0%| F|  |TAMS 0x00000000a5c00000, 0x00000000a5c00000| Untracked 
|  93|0x00000000a5d00000, 0x00000000a5d00000, 0x00000000a5e00000|  0%| F|  |TAMS 0x00000000a5d00000, 0x00000000a5d00000| Untracked 
|  94|0x00000000a5e00000, 0x00000000a5e00000, 0x00000000a5f00000|  0%| F|  |TAMS 0x00000000a5e00000, 0x00000000a5e00000| Untracked 
|  95|0x00000000a5f00000, 0x00000000a5f00000, 0x00000000a6000000|  0%| F|  |TAMS 0x00000000a5f00000, 0x00000000a5f00000| Untracked 
|  96|0x00000000a6000000, 0x00000000a6000000, 0x00000000a6100000|  0%| F|  |TAMS 0x00000000a6000000, 0x00000000a6000000| Untracked 
|  97|0x00000000a6100000, 0x00000000a6100000, 0x00000000a6200000|  0%| F|  |TAMS 0x00000000a6100000, 0x00000000a6100000| Untracked 
|  98|0x00000000a6200000, 0x00000000a6200000, 0x00000000a6300000|  0%| F|  |TAMS 0x00000000a6200000, 0x00000000a6200000| Untracked 
|  99|0x00000000a6300000, 0x00000000a6300000, 0x00000000a6400000|  0%| F|  |TAMS 0x00000000a6300000, 0x00000000a6300000| Untracked 
| 100|0x00000000a6400000, 0x00000000a6400000, 0x00000000a6500000|  0%| F|  |TAMS 0x00000000a6400000, 0x00000000a6400000| Untracked 
| 101|0x00000000a6500000, 0x00000000a6500000, 0x00000000a6600000|  0%| F|  |TAMS 0x00000000a6500000, 0x00000000a6500000| Untracked 
| 102|0x00000000a6600000, 0x00000000a6600000, 0x00000000a6700000|  0%| F|  |TAMS 0x00000000a6600000, 0x00000000a6600000| Untracked 
| 103|0x00000000a6700000, 0x00000000a6700000, 0x00000000a6800000|  0%| F|  |TAMS 0x00000000a6700000, 0x00000000a6700000| Untracked 
| 104|0x00000000a6800000, 0x00000000a6800000, 0x00000000a6900000|  0%| F|  |TAMS 0x00000000a6800000, 0x00000000a6800000| Untracked 
| 105|0x00000000a6900000, 0x00000000a6900000, 0x00000000a6a00000|  0%| F|  |TAMS 0x00000000a6900000, 0x00000000a6900000| Untracked 
| 106|0x00000000a6a00000, 0x00000000a6a00000, 0x00000000a6b00000|  0%| F|  |TAMS 0x00000000a6a00000, 0x00000000a6a00000| Untracked 
| 107|0x00000000a6b00000, 0x00000000a6b00000, 0x00000000a6c00000|  0%| F|  |TAMS 0x00000000a6b00000, 0x00000000a6b00000| Untracked 
| 108|0x00000000a6c00000, 0x00000000a6c00000, 0x00000000a6d00000|  0%| F|  |TAMS 0x00000000a6c00000, 0x00000000a6c00000| Untracked 
| 109|0x00000000a6d00000, 0x00000000a6d00000, 0x00000000a6e00000|  0%| F|  |TAMS 0x00000000a6d00000, 0x00000000a6d00000| Untracked 
| 110|0x00000000a6e00000, 0x00000000a6e00000, 0x00000000a6f00000|  0%| F|  |TAMS 0x00000000a6e00000, 0x00000000a6e00000| Untracked 
| 111|0x00000000a6f00000, 0x00000000a6f00000, 0x00000000a7000000|  0%| F|  |TAMS 0x00000000a6f00000, 0x00000000a6f00000| Untracked 
| 112|0x00000000a7000000, 0x00000000a7000000, 0x00000000a7100000|  0%| F|  |TAMS 0x00000000a7000000, 0x00000000a7000000| Untracked 
| 113|0x00000000a7100000, 0x00000000a7100000, 0x00000000a7200000|  0%| F|  |TAMS 0x00000000a7100000, 0x00000000a7100000| Untracked 
| 114|0x00000000a7200000, 0x00000000a7200000, 0x00000000a7300000|  0%| F|  |TAMS 0x00000000a7200000, 0x00000000a7200000| Untracked 
| 115|0x00000000a7300000, 0x00000000a7300000, 0x00000000a7400000|  0%| F|  |TAMS 0x00000000a7300000, 0x00000000a7300000| Untracked 
| 116|0x00000000a7400000, 0x00000000a7400000, 0x00000000a7500000|  0%| F|  |TAMS 0x00000000a7400000, 0x00000000a7400000| Untracked 
| 117|0x00000000a7500000, 0x00000000a7500000, 0x00000000a7600000|  0%| F|  |TAMS 0x00000000a7500000, 0x00000000a7500000| Untracked 
| 118|0x00000000a7600000, 0x00000000a7600000, 0x00000000a7700000|  0%| F|  |TAMS 0x00000000a7600000, 0x00000000a7600000| Untracked 
| 119|0x00000000a7700000, 0x00000000a7700000, 0x00000000a7800000|  0%| F|  |TAMS 0x00000000a7700000, 0x00000000a7700000| Untracked 
| 120|0x00000000a7800000, 0x00000000a7800000, 0x00000000a7900000|  0%| F|  |TAMS 0x00000000a7800000, 0x00000000a7800000| Untracked 
| 121|0x00000000a7900000, 0x00000000a7900000, 0x00000000a7a00000|  0%| F|  |TAMS 0x00000000a7900000, 0x00000000a7900000| Untracked 
| 122|0x00000000a7a00000, 0x00000000a7a00000, 0x00000000a7b00000|  0%| F|  |TAMS 0x00000000a7a00000, 0x00000000a7a00000| Untracked 
| 123|0x00000000a7b00000, 0x00000000a7b00000, 0x00000000a7c00000|  0%| F|  |TAMS 0x00000000a7b00000, 0x00000000a7b00000| Untracked 
| 124|0x00000000a7c00000, 0x00000000a7c00000, 0x00000000a7d00000|  0%| F|  |TAMS 0x00000000a7c00000, 0x00000000a7c00000| Untracked 
| 125|0x00000000a7d00000, 0x00000000a7d00000, 0x00000000a7e00000|  0%| F|  |TAMS 0x00000000a7d00000, 0x00000000a7d00000| Untracked 
| 126|0x00000000a7e00000, 0x00000000a7e00000, 0x00000000a7f00000|  0%| F|  |TAMS 0x00000000a7e00000, 0x00000000a7e00000| Untracked 
| 127|0x00000000a7f00000, 0x00000000a7f00000, 0x00000000a8000000|  0%| F|  |TAMS 0x00000000a7f00000, 0x00000000a7f00000| Untracked 
| 128|0x00000000a8000000, 0x00000000a8000000, 0x00000000a8100000|  0%| F|  |TAMS 0x00000000a8000000, 0x00000000a8000000| Untracked 
| 129|0x00000000a8100000, 0x00000000a8100000, 0x00000000a8200000|  0%| F|  |TAMS 0x00000000a8100000, 0x00000000a8100000| Untracked 
| 130|0x00000000a8200000, 0x00000000a8200000, 0x00000000a8300000|  0%| F|  |TAMS 0x00000000a8200000, 0x00000000a8200000| Untracked 
| 131|0x00000000a8300000, 0x00000000a8300000, 0x00000000a8400000|  0%| F|  |TAMS 0x00000000a8300000, 0x00000000a8300000| Untracked 
| 132|0x00000000a8400000, 0x00000000a8400000, 0x00000000a8500000|  0%| F|  |TAMS 0x00000000a8400000, 0x00000000a8400000| Untracked 
| 133|0x00000000a8500000, 0x00000000a8500000, 0x00000000a8600000|  0%| F|  |TAMS 0x00000000a8500000, 0x00000000a8500000| Untracked 
| 134|0x00000000a8600000, 0x00000000a8600000, 0x00000000a8700000|  0%| F|  |TAMS 0x00000000a8600000, 0x00000000a8600000| Untracked 
| 135|0x00000000a8700000, 0x00000000a8700000, 0x00000000a8800000|  0%| F|  |TAMS 0x00000000a8700000, 0x00000000a8700000| Untracked 
| 136|0x00000000a8800000, 0x00000000a8800000, 0x00000000a8900000|  0%| F|  |TAMS 0x00000000a8800000, 0x00000000a8800000| Untracked 
| 137|0x00000000a8900000, 0x00000000a8900000, 0x00000000a8a00000|  0%| F|  |TAMS 0x00000000a8900000, 0x00000000a8900000| Untracked 
| 138|0x00000000a8a00000, 0x00000000a8a00000, 0x00000000a8b00000|  0%| F|  |TAMS 0x00000000a8a00000, 0x00000000a8a00000| Untracked 
| 139|0x00000000a8b00000, 0x00000000a8b00000, 0x00000000a8c00000|  0%| F|  |TAMS 0x00000000a8b00000, 0x00000000a8b00000| Untracked 
| 140|0x00000000a8c00000, 0x00000000a8c00000, 0x00000000a8d00000|  0%| F|  |TAMS 0x00000000a8c00000, 0x00000000a8c00000| Untracked 
| 141|0x00000000a8d00000, 0x00000000a8d00000, 0x00000000a8e00000|  0%| F|  |TAMS 0x00000000a8d00000, 0x00000000a8d00000| Untracked 
| 142|0x00000000a8e00000, 0x00000000a8e00000, 0x00000000a8f00000|  0%| F|  |TAMS 0x00000000a8e00000, 0x00000000a8e00000| Untracked 
| 143|0x00000000a8f00000, 0x00000000a8f00000, 0x00000000a9000000|  0%| F|  |TAMS 0x00000000a8f00000, 0x00000000a8f00000| Untracked 
| 144|0x00000000a9000000, 0x00000000a9000000, 0x00000000a9100000|  0%| F|  |TAMS 0x00000000a9000000, 0x00000000a9000000| Untracked 
| 145|0x00000000a9100000, 0x00000000a9100000, 0x00000000a9200000|  0%| F|  |TAMS 0x00000000a9100000, 0x00000000a9100000| Untracked 
| 146|0x00000000a9200000, 0x00000000a9200000, 0x00000000a9300000|  0%| F|  |TAMS 0x00000000a9200000, 0x00000000a9200000| Untracked 
| 147|0x00000000a9300000, 0x00000000a9300000, 0x00000000a9400000|  0%| F|  |TAMS 0x00000000a9300000, 0x00000000a9300000| Untracked 
| 148|0x00000000a9400000, 0x00000000a9400000, 0x00000000a9500000|  0%| F|  |TAMS 0x00000000a9400000, 0x00000000a9400000| Untracked 
| 149|0x00000000a9500000, 0x00000000a9500000, 0x00000000a9600000|  0%| F|  |TAMS 0x00000000a9500000, 0x00000000a9500000| Untracked 
| 150|0x00000000a9600000, 0x00000000a9600000, 0x00000000a9700000|  0%| F|  |TAMS 0x00000000a9600000, 0x00000000a9600000| Untracked 
| 151|0x00000000a9700000, 0x00000000a9700000, 0x00000000a9800000|  0%| F|  |TAMS 0x00000000a9700000, 0x00000000a9700000| Untracked 
| 152|0x00000000a9800000, 0x00000000a9800000, 0x00000000a9900000|  0%| F|  |TAMS 0x00000000a9800000, 0x00000000a9800000| Untracked 
| 153|0x00000000a9900000, 0x00000000a9900000, 0x00000000a9a00000|  0%| F|  |TAMS 0x00000000a9900000, 0x00000000a9900000| Untracked 
| 154|0x00000000a9a00000, 0x00000000a9a00000, 0x00000000a9b00000|  0%| F|  |TAMS 0x00000000a9a00000, 0x00000000a9a00000| Untracked 
| 155|0x00000000a9b00000, 0x00000000a9b00000, 0x00000000a9c00000|  0%| F|  |TAMS 0x00000000a9b00000, 0x00000000a9b00000| Untracked 
| 156|0x00000000a9c00000, 0x00000000a9c00000, 0x00000000a9d00000|  0%| F|  |TAMS 0x00000000a9c00000, 0x00000000a9c00000| Untracked 
| 157|0x00000000a9d00000, 0x00000000a9d00000, 0x00000000a9e00000|  0%| F|  |TAMS 0x00000000a9d00000, 0x00000000a9d00000| Untracked 
| 158|0x00000000a9e00000, 0x00000000a9e00000, 0x00000000a9f00000|  0%| F|  |TAMS 0x00000000a9e00000, 0x00000000a9e00000| Untracked 
| 159|0x00000000a9f00000, 0x00000000a9f00000, 0x00000000aa000000|  0%| F|  |TAMS 0x00000000a9f00000, 0x00000000a9f00000| Untracked 
| 160|0x00000000aa000000, 0x00000000aa000000, 0x00000000aa100000|  0%| F|  |TAMS 0x00000000aa000000, 0x00000000aa000000| Untracked 
| 161|0x00000000aa100000, 0x00000000aa100000, 0x00000000aa200000|  0%| F|  |TAMS 0x00000000aa100000, 0x00000000aa100000| Untracked 
| 162|0x00000000aa200000, 0x00000000aa200000, 0x00000000aa300000|  0%| F|  |TAMS 0x00000000aa200000, 0x00000000aa200000| Untracked 
| 163|0x00000000aa300000, 0x00000000aa300000, 0x00000000aa400000|  0%| F|  |TAMS 0x00000000aa300000, 0x00000000aa300000| Untracked 
| 164|0x00000000aa400000, 0x00000000aa400000, 0x00000000aa500000|  0%| F|  |TAMS 0x00000000aa400000, 0x00000000aa400000| Untracked 
| 165|0x00000000aa500000, 0x00000000aa500000, 0x00000000aa600000|  0%| F|  |TAMS 0x00000000aa500000, 0x00000000aa500000| Untracked 
| 166|0x00000000aa600000, 0x00000000aa600000, 0x00000000aa700000|  0%| F|  |TAMS 0x00000000aa600000, 0x00000000aa600000| Untracked 
| 167|0x00000000aa700000, 0x00000000aa700000, 0x00000000aa800000|  0%| F|  |TAMS 0x00000000aa700000, 0x00000000aa700000| Untracked 
| 168|0x00000000aa800000, 0x00000000aa800000, 0x00000000aa900000|  0%| F|  |TAMS 0x00000000aa800000, 0x00000000aa800000| Untracked 
| 169|0x00000000aa900000, 0x00000000aa900000, 0x00000000aaa00000|  0%| F|  |TAMS 0x00000000aa900000, 0x00000000aa900000| Untracked 
| 170|0x00000000aaa00000, 0x00000000aaa00000, 0x00000000aab00000|  0%| F|  |TAMS 0x00000000aaa00000, 0x00000000aaa00000| Untracked 
| 171|0x00000000aab00000, 0x00000000aab00000, 0x00000000aac00000|  0%| F|  |TAMS 0x00000000aab00000, 0x00000000aab00000| Untracked 
| 172|0x00000000aac00000, 0x00000000aac00000, 0x00000000aad00000|  0%| F|  |TAMS 0x00000000aac00000, 0x00000000aac00000| Untracked 
| 173|0x00000000aad00000, 0x00000000aad00000, 0x00000000aae00000|  0%| F|  |TAMS 0x00000000aad00000, 0x00000000aad00000| Untracked 
| 174|0x00000000aae00000, 0x00000000aae00000, 0x00000000aaf00000|  0%| F|  |TAMS 0x00000000aae00000, 0x00000000aae00000| Untracked 
| 175|0x00000000aaf00000, 0x00000000aaf00000, 0x00000000ab000000|  0%| F|  |TAMS 0x00000000aaf00000, 0x00000000aaf00000| Untracked 
| 176|0x00000000ab000000, 0x00000000ab000000, 0x00000000ab100000|  0%| F|  |TAMS 0x00000000ab000000, 0x00000000ab000000| Untracked 
| 177|0x00000000ab100000, 0x00000000ab100000, 0x00000000ab200000|  0%| F|  |TAMS 0x00000000ab100000, 0x00000000ab100000| Untracked 
| 178|0x00000000ab200000, 0x00000000ab200000, 0x00000000ab300000|  0%| F|  |TAMS 0x00000000ab200000, 0x00000000ab200000| Untracked 
| 179|0x00000000ab300000, 0x00000000ab300000, 0x00000000ab400000|  0%| F|  |TAMS 0x00000000ab300000, 0x00000000ab300000| Untracked 
| 180|0x00000000ab400000, 0x00000000ab400000, 0x00000000ab500000|  0%| F|  |TAMS 0x00000000ab400000, 0x00000000ab400000| Untracked 
| 181|0x00000000ab500000, 0x00000000ab500000, 0x00000000ab600000|  0%| F|  |TAMS 0x00000000ab500000, 0x00000000ab500000| Untracked 
| 182|0x00000000ab600000, 0x00000000ab600000, 0x00000000ab700000|  0%| F|  |TAMS 0x00000000ab600000, 0x00000000ab600000| Untracked 
| 183|0x00000000ab700000, 0x00000000ab700000, 0x00000000ab800000|  0%| F|  |TAMS 0x00000000ab700000, 0x00000000ab700000| Untracked 
| 184|0x00000000ab800000, 0x00000000ab800000, 0x00000000ab900000|  0%| F|  |TAMS 0x00000000ab800000, 0x00000000ab800000| Untracked 
| 185|0x00000000ab900000, 0x00000000ab900000, 0x00000000aba00000|  0%| F|  |TAMS 0x00000000ab900000, 0x00000000ab900000| Untracked 
| 186|0x00000000aba00000, 0x00000000aba00000, 0x00000000abb00000|  0%| F|  |TAMS 0x00000000aba00000, 0x00000000aba00000| Untracked 
| 187|0x00000000abb00000, 0x00000000abb00000, 0x00000000abc00000|  0%| F|  |TAMS 0x00000000abb00000, 0x00000000abb00000| Untracked 
| 188|0x00000000abc00000, 0x00000000abc00000, 0x00000000abd00000|  0%| F|  |TAMS 0x00000000abc00000, 0x00000000abc00000| Untracked 
| 189|0x00000000abd00000, 0x00000000abd00000, 0x00000000abe00000|  0%| F|  |TAMS 0x00000000abd00000, 0x00000000abd00000| Untracked 
| 190|0x00000000abe00000, 0x00000000abe00000, 0x00000000abf00000|  0%| F|  |TAMS 0x00000000abe00000, 0x00000000abe00000| Untracked 
| 191|0x00000000abf00000, 0x00000000abf00000, 0x00000000ac000000|  0%| F|  |TAMS 0x00000000abf00000, 0x00000000abf00000| Untracked 
| 192|0x00000000ac000000, 0x00000000ac000000, 0x00000000ac100000|  0%| F|  |TAMS 0x00000000ac000000, 0x00000000ac000000| Untracked 
| 193|0x00000000ac100000, 0x00000000ac100000, 0x00000000ac200000|  0%| F|  |TAMS 0x00000000ac100000, 0x00000000ac100000| Untracked 
| 194|0x00000000ac200000, 0x00000000ac200000, 0x00000000ac300000|  0%| F|  |TAMS 0x00000000ac200000, 0x00000000ac200000| Untracked 
| 195|0x00000000ac300000, 0x00000000ac300000, 0x00000000ac400000|  0%| F|  |TAMS 0x00000000ac300000, 0x00000000ac300000| Untracked 
| 196|0x00000000ac400000, 0x00000000ac400000, 0x00000000ac500000|  0%| F|  |TAMS 0x00000000ac400000, 0x00000000ac400000| Untracked 
| 197|0x00000000ac500000, 0x00000000ac500000, 0x00000000ac600000|  0%| F|  |TAMS 0x00000000ac500000, 0x00000000ac500000| Untracked 
| 198|0x00000000ac600000, 0x00000000ac600000, 0x00000000ac700000|  0%| F|  |TAMS 0x00000000ac600000, 0x00000000ac600000| Untracked 
| 199|0x00000000ac700000, 0x00000000ac700000, 0x00000000ac800000|  0%| F|  |TAMS 0x00000000ac700000, 0x00000000ac700000| Untracked 
| 200|0x00000000ac800000, 0x00000000ac800000, 0x00000000ac900000|  0%| F|  |TAMS 0x00000000ac800000, 0x00000000ac800000| Untracked 
| 201|0x00000000ac900000, 0x00000000ac900000, 0x00000000aca00000|  0%| F|  |TAMS 0x00000000ac900000, 0x00000000ac900000| Untracked 
| 202|0x00000000aca00000, 0x00000000aca00000, 0x00000000acb00000|  0%| F|  |TAMS 0x00000000aca00000, 0x00000000aca00000| Untracked 
| 203|0x00000000acb00000, 0x00000000acb00000, 0x00000000acc00000|  0%| F|  |TAMS 0x00000000acb00000, 0x00000000acb00000| Untracked 
| 204|0x00000000acc00000, 0x00000000acc00000, 0x00000000acd00000|  0%| F|  |TAMS 0x00000000acc00000, 0x00000000acc00000| Untracked 
| 205|0x00000000acd00000, 0x00000000acd00000, 0x00000000ace00000|  0%| F|  |TAMS 0x00000000acd00000, 0x00000000acd00000| Untracked 
| 206|0x00000000ace00000, 0x00000000ace00000, 0x00000000acf00000|  0%| F|  |TAMS 0x00000000ace00000, 0x00000000ace00000| Untracked 
| 207|0x00000000acf00000, 0x00000000acf00000, 0x00000000ad000000|  0%| F|  |TAMS 0x00000000acf00000, 0x00000000acf00000| Untracked 
| 208|0x00000000ad000000, 0x00000000ad000000, 0x00000000ad100000|  0%| F|  |TAMS 0x00000000ad000000, 0x00000000ad000000| Untracked 
| 209|0x00000000ad100000, 0x00000000ad100000, 0x00000000ad200000|  0%| F|  |TAMS 0x00000000ad100000, 0x00000000ad100000| Untracked 
| 210|0x00000000ad200000, 0x00000000ad200000, 0x00000000ad300000|  0%| F|  |TAMS 0x00000000ad200000, 0x00000000ad200000| Untracked 
| 211|0x00000000ad300000, 0x00000000ad300000, 0x00000000ad400000|  0%| F|  |TAMS 0x00000000ad300000, 0x00000000ad300000| Untracked 
| 212|0x00000000ad400000, 0x00000000ad400000, 0x00000000ad500000|  0%| F|  |TAMS 0x00000000ad400000, 0x00000000ad400000| Untracked 
| 213|0x00000000ad500000, 0x00000000ad500000, 0x00000000ad600000|  0%| F|  |TAMS 0x00000000ad500000, 0x00000000ad500000| Untracked 
| 214|0x00000000ad600000, 0x00000000ad600000, 0x00000000ad700000|  0%| F|  |TAMS 0x00000000ad600000, 0x00000000ad600000| Untracked 
| 215|0x00000000ad700000, 0x00000000ad700000, 0x00000000ad800000|  0%| F|  |TAMS 0x00000000ad700000, 0x00000000ad700000| Untracked 
| 216|0x00000000ad800000, 0x00000000ad800000, 0x00000000ad900000|  0%| F|  |TAMS 0x00000000ad800000, 0x00000000ad800000| Untracked 
| 217|0x00000000ad900000, 0x00000000ad900000, 0x00000000ada00000|  0%| F|  |TAMS 0x00000000ad900000, 0x00000000ad900000| Untracked 
| 218|0x00000000ada00000, 0x00000000ada00000, 0x00000000adb00000|  0%| F|  |TAMS 0x00000000ada00000, 0x00000000ada00000| Untracked 
| 219|0x00000000adb00000, 0x00000000adb00000, 0x00000000adc00000|  0%| F|  |TAMS 0x00000000adb00000, 0x00000000adb00000| Untracked 
| 220|0x00000000adc00000, 0x00000000adc00000, 0x00000000add00000|  0%| F|  |TAMS 0x00000000adc00000, 0x00000000adc00000| Untracked 
| 221|0x00000000add00000, 0x00000000add75f98, 0x00000000ade00000| 46%| E|  |TAMS 0x00000000add00000, 0x00000000add00000| Complete 
| 222|0x00000000ade00000, 0x00000000adf00000, 0x00000000adf00000|100%| E|CS|TAMS 0x00000000ade00000, 0x00000000ade00000| Complete 
| 223|0x00000000adf00000, 0x00000000ae000000, 0x00000000ae000000|100%| E|CS|TAMS 0x00000000adf00000, 0x00000000adf00000| Complete 
| 224|0x00000000ae000000, 0x00000000ae100000, 0x00000000ae100000|100%| E|CS|TAMS 0x00000000ae000000, 0x00000000ae000000| Complete 
| 225|0x00000000ae100000, 0x00000000ae200000, 0x00000000ae200000|100%| E|CS|TAMS 0x00000000ae100000, 0x00000000ae100000| Complete 
| 226|0x00000000ae200000, 0x00000000ae300000, 0x00000000ae300000|100%| E|CS|TAMS 0x00000000ae200000, 0x00000000ae200000| Complete 
| 227|0x00000000ae300000, 0x00000000ae400000, 0x00000000ae400000|100%| E|CS|TAMS 0x00000000ae300000, 0x00000000ae300000| Complete 
| 228|0x00000000ae400000, 0x00000000ae500000, 0x00000000ae500000|100%| E|CS|TAMS 0x00000000ae400000, 0x00000000ae400000| Complete 
| 229|0x00000000ae500000, 0x00000000ae600000, 0x00000000ae600000|100%| E|CS|TAMS 0x00000000ae500000, 0x00000000ae500000| Complete 
| 230|0x00000000ae600000, 0x00000000ae700000, 0x00000000ae700000|100%| E|  |TAMS 0x00000000ae600000, 0x00000000ae600000| Complete 
| 231|0x00000000ae700000, 0x00000000ae800000, 0x00000000ae800000|100%| E|CS|TAMS 0x00000000ae700000, 0x00000000ae700000| Complete 
| 232|0x00000000ae800000, 0x00000000ae900000, 0x00000000ae900000|100%| E|CS|TAMS 0x00000000ae800000, 0x00000000ae800000| Complete 
| 233|0x00000000ae900000, 0x00000000aea00000, 0x00000000aea00000|100%| E|CS|TAMS 0x00000000ae900000, 0x00000000ae900000| Complete 
| 234|0x00000000aea00000, 0x00000000aeb00000, 0x00000000aeb00000|100%| E|CS|TAMS 0x00000000aea00000, 0x00000000aea00000| Complete 
| 235|0x00000000aeb00000, 0x00000000aec00000, 0x00000000aec00000|100%| E|CS|TAMS 0x00000000aeb00000, 0x00000000aeb00000| Complete 
| 236|0x00000000aec00000, 0x00000000aec55e78, 0x00000000aed00000| 33%| S|CS|TAMS 0x00000000aec00000, 0x00000000aec00000| Complete 
| 237|0x00000000aed00000, 0x00000000aee00000, 0x00000000aee00000|100%| S|CS|TAMS 0x00000000aed00000, 0x00000000aed00000| Complete 
| 238|0x00000000aee00000, 0x00000000aef00000, 0x00000000aef00000|100%| S|CS|TAMS 0x00000000aee00000, 0x00000000aee00000| Complete 
| 239|0x00000000aef00000, 0x00000000af000000, 0x00000000af000000|100%| S|CS|TAMS 0x00000000aef00000, 0x00000000aef00000| Complete 
| 240|0x00000000af000000, 0x00000000af100000, 0x00000000af100000|100%| E|CS|TAMS 0x00000000af000000, 0x00000000af000000| Complete 
| 241|0x00000000af100000, 0x00000000af200000, 0x00000000af200000|100%| E|CS|TAMS 0x00000000af100000, 0x00000000af100000| Complete 
| 242|0x00000000af200000, 0x00000000af300000, 0x00000000af300000|100%| E|CS|TAMS 0x00000000af200000, 0x00000000af200000| Complete 
| 243|0x00000000af300000, 0x00000000af400000, 0x00000000af400000|100%| E|CS|TAMS 0x00000000af300000, 0x00000000af300000| Complete 
| 244|0x00000000af400000, 0x00000000af500000, 0x00000000af500000|100%| E|CS|TAMS 0x00000000af400000, 0x00000000af400000| Complete 
| 245|0x00000000af500000, 0x00000000af600000, 0x00000000af600000|100%| E|CS|TAMS 0x00000000af500000, 0x00000000af500000| Complete 
| 246|0x00000000af600000, 0x00000000af700000, 0x00000000af700000|100%| E|CS|TAMS 0x00000000af600000, 0x00000000af600000| Complete 
| 247|0x00000000af700000, 0x00000000af800000, 0x00000000af800000|100%| E|CS|TAMS 0x00000000af700000, 0x00000000af700000| Complete 
| 248|0x00000000af800000, 0x00000000af900000, 0x00000000af900000|100%| E|CS|TAMS 0x00000000af800000, 0x00000000af800000| Complete 
| 249|0x00000000af900000, 0x00000000afa00000, 0x00000000afa00000|100%| E|CS|TAMS 0x00000000af900000, 0x00000000af900000| Complete 
| 250|0x00000000afa00000, 0x00000000afb00000, 0x00000000afb00000|100%| E|CS|TAMS 0x00000000afa00000, 0x00000000afa00000| Complete 
| 251|0x00000000afb00000, 0x00000000afc00000, 0x00000000afc00000|100%| E|CS|TAMS 0x00000000afb00000, 0x00000000afb00000| Complete 
| 252|0x00000000afc00000, 0x00000000afd00000, 0x00000000afd00000|100%| E|CS|TAMS 0x00000000afc00000, 0x00000000afc00000| Complete 
| 253|0x00000000afd00000, 0x00000000afe00000, 0x00000000afe00000|100%| E|CS|TAMS 0x00000000afd00000, 0x00000000afd00000| Complete 

Card table byte_map: [0x000001dd7d880000,0x000001dd7db80000] _byte_map_base: 0x000001dd7d380000

Marking Bits (Prev, Next): (CMBitMap*) 0x000001dd7b687cd0, (CMBitMap*) 0x000001dd7b687c98
 Prev Bits: [0x000001dd12a30000, 0x000001dd14230000)
 Next Bits: [0x000001dd7de80000, 0x000001dd7f680000)

Polling page: 0x000001dd7b520000

Metaspace:

Usage:
  Non-class:     20.64 MB capacity,    20.28 MB ( 98%) used,   324.28 KB (  2%) free+waste,    41.44 KB ( <1%) overhead. 
      Class:      3.17 MB capacity,     2.95 MB ( 93%) used,   198.54 KB (  6%) free+waste,    20.50 KB ( <1%) overhead. 
       Both:     23.81 MB capacity,    23.24 MB ( 98%) used,   522.82 KB (  2%) free+waste,    61.94 KB ( <1%) overhead. 

Virtual space:
  Non-class space:       22.00 MB reserved,      20.75 MB ( 94%) committed 
      Class space:        1.00 GB reserved,       3.25 MB ( <1%) committed 
             Both:        1.02 GB reserved,      24.00 MB (  2%) committed 

Chunk freelists:
   Non-Class:  49.00 KB
       Class:  21.00 KB
        Both:  70.00 KB

MaxMetaspaceSize: 17179869184.00 GB
CompressedClassSpaceSize: 1.00 GB
Initial GC threshold: 20.80 MB
Current GC threshold: 35.00 MB
CDS: off

CodeHeap 'non-profiled nmethods': size=120064Kb used=1155Kb max_used=1155Kb free=118908Kb
 bounds [0x000001dd0b4f0000, 0x000001dd0b760000, 0x000001dd12a30000]
CodeHeap 'profiled nmethods': size=120000Kb used=4521Kb max_used=4521Kb free=115478Kb
 bounds [0x000001dd03fc0000, 0x000001dd04430000, 0x000001dd0b4f0000]
CodeHeap 'non-nmethods': size=5696Kb used=1208Kb max_used=1252Kb free=4487Kb
 bounds [0x000001dd03a30000, 0x000001dd03ca0000, 0x000001dd03fc0000]
 total_blobs=2629 nmethods=2156 adapters=385
 compilation: enabled
              stopped_count=0, restarted_count=0
 full_count=0

Compilation events (20 events):
Event: 6.703 Thread 0x000001dd16ab8000 2102       3       jdk.internal.org.objectweb.asm.AnnotationWriter::<init> (34 bytes)
Event: 6.704 Thread 0x000001dd16ab8000 nmethod 2102 0x000001dd04406890 code [0x000001dd04406a60, 0x000001dd04406d68]
Event: 6.704 Thread 0x000001dd16ab8000 2103       3       jdk.internal.org.objectweb.asm.AnnotationVisitor::<init> (7 bytes)
Event: 6.704 Thread 0x000001dd16ab8000 nmethod 2103 0x000001dd04406e90 code [0x000001dd04407060, 0x000001dd04407388]
Event: 6.704 Thread 0x000001dd16ab8000 2104       3       jdk.internal.org.objectweb.asm.AnnotationWriter::visitEnd (43 bytes)
Event: 6.704 Thread 0x000001dd16ab8000 nmethod 2104 0x000001dd04407490 code [0x000001dd04407640, 0x000001dd044077d8]
Event: 6.704 Thread 0x000001dd16ab8000 2100       1       java.lang.invoke.MethodHandleNatives::isPullModeBSM (2 bytes)
Event: 6.704 Thread 0x000001dd16ab8000 nmethod 2100 0x000001dd0b60f790 code [0x000001dd0b60f940, 0x000001dd0b60f9d8]
Event: 6.706 Thread 0x000001dd16ab8000 2105       3       org.objectweb.asm.SymbolTable::get (13 bytes)
Event: 6.706 Thread 0x000001dd16ab8000 nmethod 2105 0x000001dd04407910 code [0x000001dd04407ac0, 0x000001dd04407c18]
Event: 6.706 Thread 0x000001dd16ab8000 2106       3       org.objectweb.asm.ByteVector::putShort (52 bytes)
Event: 6.706 Thread 0x000001dd16ab8000 nmethod 2106 0x000001dd04407d10 code [0x000001dd04407ee0, 0x000001dd044080e8]
Event: 6.718 Thread 0x000001dd16ab8000 2107       3       java.lang.invoke.InvokerBytecodeGenerator::isStaticallyNameable (148 bytes)
Event: 6.721 Thread 0x000001dd16ab8000 nmethod 2107 0x000001dd04408210 code [0x000001dd04408720, 0x000001dd0440aeb8]
Event: 6.732 Thread 0x000001dd16ab8000 2108       3       java.lang.invoke.LambdaForm$Name::withConstraint (20 bytes)
Event: 6.733 Thread 0x000001dd16ab8000 nmethod 2108 0x000001dd0440ba10 code [0x000001dd0440bbe0, 0x000001dd0440bdc8]
Event: 6.733 Thread 0x000001dd16ab8000 2109       3       java.lang.invoke.LambdaFormBuffer::changeName (149 bytes)
Event: 6.733 Thread 0x000001dd16ab8000 nmethod 2109 0x000001dd0440be90 code [0x000001dd0440c080, 0x000001dd0440c5a8]
Event: 6.736 Thread 0x000001dd16ab8000 2110       3       java.lang.reflect.Method::getRoot (5 bytes)
Event: 6.736 Thread 0x000001dd16ab8000 nmethod 2110 0x000001dd0440c790 code [0x000001dd0440c940, 0x000001dd0440ca58]

GC Heap History (10 events):
Event: 1.339 GC heap before
{Heap before GC invocations=0 (full 0):
 garbage-first heap   total 260096K, used 19456K [0x00000000a0000000, 0x0000000100000000)
  region size 1024K, 14 young (14336K), 0 survivors (0K)
 Metaspace       used 7491K, capacity 7679K, committed 7936K, reserved 1056768K
  class space    used 688K, capacity 748K, committed 768K, reserved 1048576K
}
Event: 1.346 GC heap after
{Heap after GC invocations=1 (full 0):
 garbage-first heap   total 260096K, used 7962K [0x00000000a0000000, 0x0000000100000000)
  region size 1024K, 2 young (2048K), 2 survivors (2048K)
 Metaspace       used 7491K, capacity 7679K, committed 7936K, reserved 1056768K
  class space    used 688K, capacity 748K, committed 768K, reserved 1048576K
}
Event: 2.137 GC heap before
{Heap before GC invocations=1 (full 0):
 garbage-first heap   total 260096K, used 19226K [0x00000000a0000000, 0x0000000100000000)
  region size 1024K, 13 young (13312K), 2 survivors (2048K)
 Metaspace       used 10533K, capacity 10709K, committed 11008K, reserved 1058816K
  class space    used 1100K, capacity 1164K, committed 1280K, reserved 1048576K
}
Event: 2.139 GC heap after
{Heap after GC invocations=2 (full 0):
 garbage-first heap   total 260096K, used 8679K [0x00000000a0000000, 0x0000000100000000)
  region size 1024K, 1 young (1024K), 1 survivors (1024K)
 Metaspace       used 10533K, capacity 10709K, committed 11008K, reserved 1058816K
  class space    used 1100K, capacity 1164K, committed 1280K, reserved 1048576K
}
Event: 2.858 GC heap before
{Heap before GC invocations=2 (full 0):
 garbage-first heap   total 260096K, used 35303K [0x00000000a0000000, 0x0000000100000000)
  region size 1024K, 28 young (28672K), 1 survivors (1024K)
 Metaspace       used 10672K, capacity 10901K, committed 11264K, reserved 1058816K
  class space    used 1102K, capacity 1164K, committed 1280K, reserved 1048576K
}
Event: 2.864 GC heap after
{Heap after GC invocations=3 (full 0):
 garbage-first heap   total 260096K, used 12761K [0x00000000a0000000, 0x0000000100000000)
  region size 1024K, 4 young (4096K), 4 survivors (4096K)
 Metaspace       used 10672K, capacity 10901K, committed 11264K, reserved 1058816K
  class space    used 1102K, capacity 1164K, committed 1280K, reserved 1048576K
}
Event: 5.609 GC heap before
{Heap before GC invocations=3 (full 0):
 garbage-first heap   total 260096K, used 53721K [0x00000000a0000000, 0x0000000100000000)
  region size 1024K, 44 young (45056K), 4 survivors (4096K)
 Metaspace       used 18451K, capacity 18816K, committed 19072K, reserved 1067008K
  class space    used 2215K, capacity 2339K, committed 2432K, reserved 1048576K
}
Event: 5.617 GC heap after
{Heap after GC invocations=4 (full 0):
 garbage-first heap   total 260096K, used 15666K [0x00000000a0000000, 0x0000000100000000)
  region size 1024K, 3 young (3072K), 3 survivors (3072K)
 Metaspace       used 18451K, capacity 18816K, committed 19072K, reserved 1067008K
  class space    used 2215K, capacity 2339K, committed 2432K, reserved 1048576K
}
Event: 5.970 GC heap before
{Heap before GC invocations=4 (full 0):
 garbage-first heap   total 260096K, used 28978K [0x00000000a0000000, 0x0000000100000000)
  region size 1024K, 17 young (17408K), 3 survivors (3072K)
 Metaspace       used 20567K, capacity 21070K, committed 21248K, reserved 1067008K
  class space    used 2515K, capacity 2691K, committed 2816K, reserved 1048576K
}
Event: 5.977 GC heap after
{Heap after GC invocations=5 (full 0):
 garbage-first heap   total 260096K, used 16255K [0x00000000a0000000, 0x0000000100000000)
  region size 1024K, 4 young (4096K), 4 survivors (4096K)
 Metaspace       used 20567K, capacity 21070K, committed 21248K, reserved 1067008K
  class space    used 2515K, capacity 2691K, committed 2816K, reserved 1048576K
}

Deoptimization events (20 events):
Event: 6.264 Thread 0x000001dd18811800 Uncommon trap: trap_request=0xffffff4d fr.pc=0x000001dd0b53bc60 relative=0x00000000000001a0
Event: 6.264 Thread 0x000001dd18811800 Uncommon trap: reason=unstable_if action=reinterpret pc=0x000001dd0b53bc60 method=java.util.HashMap.getNode(ILjava/lang/Object;)Ljava/util/HashMap$Node; @ 129 c2
Event: 6.264 Thread 0x000001dd18811800 DEOPT PACKING pc=0x000001dd0b53bc60 sp=0x000000dd79bf9e00
Event: 6.264 Thread 0x000001dd18811800 DEOPT UNPACKING pc=0x000001dd03a7a1af sp=0x000000dd79bf9d00 mode 2
Event: 6.264 Thread 0x000001dd18811800 Uncommon trap: trap_request=0xffffffc6 fr.pc=0x000001dd0b5dddec relative=0x0000000000000dcc
Event: 6.264 Thread 0x000001dd18811800 Uncommon trap: reason=bimorphic_or_optimized_type_check action=maybe_recompile pc=0x000001dd0b5dddec method=java.util.HashMap.putVal(ILjava/lang/Object;Ljava/lang/Object;ZZ)Ljava/lang/Object; @ 203 c2
Event: 6.264 Thread 0x000001dd18811800 DEOPT PACKING pc=0x000001dd0b5dddec sp=0x000000dd79bf9d60
Event: 6.264 Thread 0x000001dd18811800 DEOPT UNPACKING pc=0x000001dd03a7a1af sp=0x000000dd79bf9d00 mode 2
Event: 6.264 Thread 0x000001dd18811800 Uncommon trap: trap_request=0xffffff4d fr.pc=0x000001dd0b539e2c relative=0x00000000000001ec
Event: 6.264 Thread 0x000001dd18811800 Uncommon trap: reason=unstable_if action=reinterpret pc=0x000001dd0b539e2c method=java.util.HashMap.getNode(ILjava/lang/Object;)Ljava/util/HashMap$Node; @ 129 c2
Event: 6.264 Thread 0x000001dd18811800 DEOPT PACKING pc=0x000001dd0b539e2c sp=0x000000dd79bf9d60
Event: 6.264 Thread 0x000001dd18811800 DEOPT UNPACKING pc=0x000001dd03a7a1af sp=0x000000dd79bf9ce8 mode 2
Event: 6.265 Thread 0x000001dd18811800 Uncommon trap: trap_request=0xffffffc6 fr.pc=0x000001dd0b5dddec relative=0x0000000000000dcc
Event: 6.265 Thread 0x000001dd18811800 Uncommon trap: reason=bimorphic_or_optimized_type_check action=maybe_recompile pc=0x000001dd0b5dddec method=java.util.HashMap.putVal(ILjava/lang/Object;Ljava/lang/Object;ZZ)Ljava/lang/Object; @ 203 c2
Event: 6.265 Thread 0x000001dd18811800 DEOPT PACKING pc=0x000001dd0b5dddec sp=0x000000dd79bf9d40
Event: 6.265 Thread 0x000001dd18811800 DEOPT UNPACKING pc=0x000001dd03a7a1af sp=0x000000dd79bf9ce0 mode 2
Event: 6.633 Thread 0x000001dd18811800 Uncommon trap: trap_request=0xffffff4d fr.pc=0x000001dd0b544680 relative=0x0000000000000240
Event: 6.633 Thread 0x000001dd18811800 Uncommon trap: reason=unstable_if action=reinterpret pc=0x000001dd0b544680 method=java.util.concurrent.ConcurrentHashMap.get(Ljava/lang/Object;)Ljava/lang/Object; @ 76 c2
Event: 6.633 Thread 0x000001dd18811800 DEOPT PACKING pc=0x000001dd0b544680 sp=0x000000dd79bf8980
Event: 6.633 Thread 0x000001dd18811800 DEOPT UNPACKING pc=0x000001dd03a7a1af sp=0x000000dd79bf88e8 mode 2

Classes redefined (0 events):
No events

Internal exceptions (20 events):
Event: 2.837 Thread 0x000001dd7b650800 Exception <a 'java/security/PrivilegedActionException'{0x00000000ae321280}> (0x00000000ae321280) thrown at [./src/hotspot/share/prims/jvm.cpp, line 1306]
Event: 2.837 Thread 0x000001dd7b650800 Exception <a 'java/security/PrivilegedActionException'{0x00000000ae3217f8}> (0x00000000ae3217f8) thrown at [./src/hotspot/share/prims/jvm.cpp, line 1306]
Event: 3.369 Thread 0x000001dd7b650800 Exception <a 'java/lang/NoSuchMethodError'{0x00000000aef9ef28}: 'java.lang.Object java.lang.invoke.DirectMethodHandle$Holder.invokeStaticInit(java.lang.Object, java.lang.Object, java.lang.Object)'> (0x00000000aef9ef28) thrown at [./src/hotspot/share/interpreter/linkResolver.cpp, line 773]
Event: 3.535 Thread 0x000001dd7b650800 Exception <a 'java/lang/NoSuchMethodError'{0x00000000aea2c0e0}: 'java.lang.Object java.lang.invoke.Invokers$Holder.invoker(java.lang.Object, java.lang.Object, java.lang.Object, java.lang.Object, java.lang.Object)'> (0x00000000aea2c0e0) thrown at [./src/hotspot/share/interpreter/linkResolver.cpp, line 773]
Event: 3.538 Thread 0x000001dd7b650800 Exception <a 'java/lang/NoSuchMethodError'{0x00000000aea3cd58}: 'void java.lang.invoke.DelegatingMethodHandle$Holder.delegate(java.lang.Object, java.lang.Object, int, java.lang.Object)'> (0x00000000aea3cd58) thrown at [./src/hotspot/share/interpreter/linkResolver.cpp, line 773]
Event: 3.574 Thread 0x000001dd7b650800 Exception <a 'java/lang/NoSuchMethodError'{0x00000000aeaf7b00}: 'java.lang.Object java.lang.invoke.DirectMethodHandle$Holder.invokeStaticInit(java.lang.Object, int, int, int, int)'> (0x00000000aeaf7b00) thrown at [./src/hotspot/share/interpreter/linkResolver.cpp, line 773]
Event: 4.052 Thread 0x000001dd7b650800 Exception <a 'java/lang/NoSuchMethodError'{0x00000000ae9477e8}: 'java.lang.Object java.lang.invoke.DirectMethodHandle$Holder.invokeStaticInit(java.lang.Object, java.lang.Object, int, int, int, int)'> (0x00000000ae9477e8) thrown at [./src/hotspot/share/interpreter/linkResolver.cpp, line 773]
Event: 4.914 Thread 0x000001dd7b650800 Exception <a 'java/io/IOException'{0x00000000ae7b5b28}> (0x00000000ae7b5b28) thrown at [./src/hotspot/share/prims/jni.cpp, line 615]
Event: 5.295 Thread 0x000001dd18811800 Exception <a 'java/lang/NoSuchMethodError'{0x00000000ae2f6a98}: 'void java.lang.invoke.DelegatingMethodHandle$Holder.reinvoke_L(java.lang.Object, java.lang.Object, java.lang.Object, java.lang.Object)'> (0x00000000ae2f6a98) thrown at [./src/hotspot/share/interpreter/linkResolver.cpp, line 773]
Event: 5.305 Thread 0x000001dd18811800 Exception <a 'java/lang/NoSuchMethodError'{0x00000000add2dde0}: 'long java.lang.invoke.DirectMethodHandle$Holder.invokeInterface(java.lang.Object, java.lang.Object)'> (0x00000000add2dde0) thrown at [./src/hotspot/share/interpreter/linkResolver.cpp, line 773]
Event: 5.308 Thread 0x000001dd18811800 Exception <a 'java/lang/NoSuchMethodError'{0x00000000add4f558}: 'void java.lang.invoke.DelegatingMethodHandle$Holder.reinvoke_L(java.lang.Object, java.lang.Object, java.lang.Object, java.lang.Object, java.lang.Object, java.lang.Object, java.lang.Object)'> (0x00000000add4f558) thrown at [./src/hotspot/share/interpreter/linkResolver.cpp, line 773]
Event: 5.628 Thread 0x000001dd18811800 Exception <a 'java/lang/NoSuchMethodError'{0x00000000afd3a3b8}: 'java.lang.Object java.lang.invoke.DirectMethodHandle$Holder.invokeVirtual(java.lang.Object, java.lang.Object, java.lang.Object)'> (0x00000000afd3a3b8) thrown at [./src/hotspot/share/interpreter/linkResolver.cpp, line 773]
Event: 5.698 Thread 0x000001dd18811800 Exception <a 'java/lang/NoSuchMethodError'{0x00000000afaaa840}: 'void java.lang.invoke.DirectMethodHandle$Holder.invokeStaticInit(java.lang.Object)'> (0x00000000afaaa840) thrown at [./src/hotspot/share/interpreter/linkResolver.cpp, line 773]
Event: 5.866 Thread 0x000001dd18811800 Exception <a 'java/lang/NoSuchMethodError'{0x00000000af3020d8}: 'int java.lang.invoke.DirectMethodHandle$Holder.invokeSpecialIFC(java.lang.Object, java.lang.Object, java.lang.Object, java.lang.Object)'> (0x00000000af3020d8) thrown at [./src/hotspot/share/interpreter/linkResolver.cpp, line 773]
Event: 5.869 Thread 0x000001dd18811800 Exception <a 'java/lang/NoSuchMethodError'{0x00000000af30fe98}: 'java.lang.Object java.lang.invoke.DirectMethodHandle$Holder.invokeInterface(java.lang.Object, java.lang.Object, java.lang.Object)'> (0x00000000af30fe98) thrown at [./src/hotspot/share/interpreter/linkResolver.cpp, line 773]
Event: 5.869 Thread 0x000001dd18811800 Exception <a 'java/lang/IncompatibleClassChangeError'{0x00000000af313370}: Found class java.lang.Object, but interface was expected> (0x00000000af313370) thrown at [./src/hotspot/share/interpreter/linkResolver.cpp, line 839]
Event: 6.011 Thread 0x000001dd18811800 Exception <a 'java/lang/NoSuchMethodError'{0x00000000afc17c80}: 'void java.lang.invoke.DirectMethodHandle$Holder.invokeSpecial(java.lang.Object, java.lang.Object)'> (0x00000000afc17c80) thrown at [./src/hotspot/share/interpreter/linkResolver.cpp, line 773]
Event: 6.220 Thread 0x000001dd18811800 Exception <a 'java/lang/NoSuchMethodError'{0x00000000af267ee8}: 'java.lang.Object java.lang.invoke.DirectMethodHandle$Holder.invokeVirtual(java.lang.Object, java.lang.Object, java.lang.Object, java.lang.Object)'> (0x00000000af267ee8) thrown at [./src/hotspot/share/interpreter/linkResolver.cpp, line 773]
Event: 6.693 Thread 0x000001dd18811800 Exception <a 'java/lang/NoSuchMethodError'{0x00000000ae145a48}: 'void java.lang.invoke.DirectMethodHandle$Holder.invokeSpecial(java.lang.Object, java.lang.Object, java.lang.Object, java.lang.Object, java.lang.Object, java.lang.Object)'> (0x00000000ae145a48) thrown at [./src/hotspot/share/interpreter/linkResolver.cpp, line 773]
Event: 6.732 Thread 0x000001dd18811800 Exception <a 'java/lang/NoSuchMethodError'{0x00000000ae0d8440}: 'java.lang.Object java.lang.invoke.Invokers$Holder.invoker(java.lang.Object, java.lang.Object, java.lang.Object)'> (0x00000000ae0d8440) thrown at [./src/hotspot/share/interpreter/linkResolver.cpp, line 773]

Events (20 events):
Event: 6.731 loading class org/gradle/initialization/SettingsFactory
Event: 6.731 loading class org/gradle/initialization/SettingsFactory done
Event: 6.731 loading class org/gradle/api/internal/SettingsInternal
Event: 6.731 loading class org/gradle/api/internal/SettingsInternal done
Event: 6.734 loading class org/gradle/api/internal/project/ProjectState
Event: 6.734 loading class org/gradle/api/internal/project/ProjectState done
Event: 6.735 loading class org/gradle/internal/model/ModelContainer
Event: 6.735 loading class org/gradle/internal/model/ModelContainer done
Event: 6.735 loading class org/gradle/initialization/DefaultSettingsLoaderFactory
Event: 6.735 loading class org/gradle/initialization/DefaultSettingsLoaderFactory done
Event: 6.736 loading class org/gradle/initialization/SettingsLoader
Event: 6.736 loading class org/gradle/initialization/SettingsLoader done
Event: 6.736 loading class org/gradle/initialization/BuildOperationFiringSettingsPreparer
Event: 6.736 loading class org/gradle/initialization/BuildOperationFiringSettingsPreparer done
Event: 6.737 loading class org/gradle/initialization/LoadBuildBuildOperationType$Result
Event: 6.737 loading class org/gradle/initialization/LoadBuildBuildOperationType$Result done
Event: 6.737 loading class org/gradle/initialization/BuildOperationFiringSettingsPreparer$1
Event: 6.737 loading class org/gradle/initialization/BuildOperationFiringSettingsPreparer$1 done
Event: 6.737 loading class org/gradle/initialization/DefaultSettingsPreparer
Event: 6.737 loading class org/gradle/initialization/DefaultSettingsPreparer done


Dynamic libraries:
0x00007ff7901c0000 - 0x00007ff7901ca000 	C:\Program Files\Android\Android Studio\jre\bin\java.exe
0x00007ffba8160000 - 0x00007ffba8369000 	C:\WINDOWS\SYSTEM32\ntdll.dll
0x00007ffba62a0000 - 0x00007ffba635d000 	C:\WINDOWS\System32\KERNEL32.DLL
0x00007ffba5730000 - 0x00007ffba5aa9000 	C:\WINDOWS\System32\KERNELBASE.dll
0x00007ffba5ed0000 - 0x00007ffba5fe1000 	C:\WINDOWS\System32\ucrtbase.dll
0x00007ffba1300000 - 0x00007ffba1319000 	C:\Program Files\Android\Android Studio\jre\bin\jli.dll
0x00007ffba7af0000 - 0x00007ffba7c9c000 	C:\WINDOWS\System32\USER32.dll
0x00007ffba5c90000 - 0x00007ffba5cb6000 	C:\WINDOWS\System32\win32u.dll
0x00007ffba6d30000 - 0x00007ffba6d59000 	C:\WINDOWS\System32\GDI32.dll
0x00007ffba5ab0000 - 0x00007ffba5bc2000 	C:\WINDOWS\System32\gdi32full.dll
0x00007ffba5cc0000 - 0x00007ffba5d5d000 	C:\WINDOWS\System32\msvcp_win.dll
0x00007ffb95850000 - 0x00007ffb95867000 	C:\Program Files\Android\Android Studio\jre\bin\VCRUNTIME140.dll
0x00007ffb933d0000 - 0x00007ffb93675000 	C:\WINDOWS\WinSxS\amd64_microsoft.windows.common-controls_6595b64144ccf1df_6.0.22000.120_none_9d947278b86cc467\COMCTL32.dll
0x00007ffba78a0000 - 0x00007ffba7943000 	C:\WINDOWS\System32\msvcrt.dll
0x00007ffba6f20000 - 0x00007ffba6f51000 	C:\WINDOWS\System32\IMM32.DLL
0x00007ffb332d0000 - 0x00007ffb3336d000 	C:\Program Files\Android\Android Studio\jre\bin\msvcp140.dll
0x00007ffb2dff0000 - 0x00007ffb2ead5000 	C:\Program Files\Android\Android Studio\jre\bin\server\jvm.dll
0x00007ffba7790000 - 0x00007ffba783e000 	C:\WINDOWS\System32\ADVAPI32.dll
0x00007ffba61e0000 - 0x00007ffba627e000 	C:\WINDOWS\System32\sechost.dll
0x00007ffba60a0000 - 0x00007ffba61c0000 	C:\WINDOWS\System32\RPCRT4.dll
0x00007ffba7450000 - 0x00007ffba7458000 	C:\WINDOWS\System32\PSAPI.DLL
0x00007ffb91410000 - 0x00007ffb91419000 	C:\WINDOWS\SYSTEM32\WSOCK32.dll
0x00007ffba7720000 - 0x00007ffba778f000 	C:\WINDOWS\System32\WS2_32.dll
0x00007ffba0110000 - 0x00007ffba0143000 	C:\WINDOWS\SYSTEM32\WINMM.dll
0x00007ffb97030000 - 0x00007ffb9703a000 	C:\WINDOWS\SYSTEM32\VERSION.dll
0x00007ffba4830000 - 0x00007ffba4848000 	C:\WINDOWS\SYSTEM32\kernel.appcore.dll
0x00007ffb95830000 - 0x00007ffb95841000 	C:\Program Files\Android\Android Studio\jre\bin\verify.dll
0x00007ffba3320000 - 0x00007ffba3541000 	C:\WINDOWS\SYSTEM32\DBGHELP.DLL
0x00007ffb8b5d0000 - 0x00007ffb8b601000 	C:\WINDOWS\SYSTEM32\dbgcore.DLL
0x00007ffba5640000 - 0x00007ffba56bf000 	C:\WINDOWS\System32\bcryptPrimitives.dll
0x00007ffb332a0000 - 0x00007ffb332c9000 	C:\Program Files\Android\Android Studio\jre\bin\java.dll
0x00007ffb95820000 - 0x00007ffb9582b000 	C:\Program Files\Android\Android Studio\jre\bin\jimage.dll
0x00007ffb8e9e0000 - 0x00007ffb8e9f8000 	C:\Program Files\Android\Android Studio\jre\bin\zip.dll
0x00007ffba6480000 - 0x00007ffba6c38000 	C:\WINDOWS\System32\SHELL32.dll
0x00007ffba37c0000 - 0x00007ffba4028000 	C:\WINDOWS\SYSTEM32\windows.storage.dll
0x00007ffba6f60000 - 0x00007ffba72d9000 	C:\WINDOWS\System32\combase.dll
0x00007ffba3650000 - 0x00007ffba37b6000 	C:\WINDOWS\SYSTEM32\wintypes.dll
0x00007ffba72e0000 - 0x00007ffba73ca000 	C:\WINDOWS\System32\SHCORE.dll
0x00007ffba7460000 - 0x00007ffba74bd000 	C:\WINDOWS\System32\shlwapi.dll
0x00007ffba5570000 - 0x00007ffba5591000 	C:\WINDOWS\SYSTEM32\profapi.dll
0x00007ffb333e0000 - 0x00007ffb333fa000 	C:\Program Files\Android\Android Studio\jre\bin\net.dll
0x00007ffb9f5d0000 - 0x00007ffb9f6dc000 	C:\WINDOWS\SYSTEM32\WINHTTP.dll
0x00007ffba4c60000 - 0x00007ffba4cc7000 	C:\WINDOWS\system32\mswsock.dll
0x00007ffb33280000 - 0x00007ffb33294000 	C:\Program Files\Android\Android Studio\jre\bin\nio.dll
0x00007ffb33250000 - 0x00007ffb33277000 	C:\Users\Kien\.gradle\native\fdc75f09e3144964f2cf3f50f0aa648679c211496f362492102eb8c894070792\windows-amd64\native-platform.dll
0x00007ffb2de50000 - 0x00007ffb2dfe6000 	C:\Users\Kien\.gradle\native\12488b8bf47d2d4c9fbf2f6322a914ad602e24e48041cd04a747c6da556b65c4\windows-amd64\native-platform-file-events.dll
0x00007ffb78590000 - 0x00007ffb7859a000 	C:\Program Files\Android\Android Studio\jre\bin\management.dll
0x00007ffb77dc0000 - 0x00007ffb77dcd000 	C:\Program Files\Android\Android Studio\jre\bin\management_ext.dll
0x00007ffba4ea0000 - 0x00007ffba4eb8000 	C:\WINDOWS\SYSTEM32\CRYPTSP.dll
0x00007ffba4790000 - 0x00007ffba47c5000 	C:\WINDOWS\system32\rsaenh.dll
0x00007ffba4d50000 - 0x00007ffba4d79000 	C:\WINDOWS\SYSTEM32\USERENV.dll
0x00007ffba5020000 - 0x00007ffba5047000 	C:\WINDOWS\SYSTEM32\bcrypt.dll
0x00007ffba4ec0000 - 0x00007ffba4ecc000 	C:\WINDOWS\SYSTEM32\CRYPTBASE.dll
0x00007ffba4360000 - 0x00007ffba438d000 	C:\WINDOWS\SYSTEM32\IPHLPAPI.DLL
0x00007ffba73d0000 - 0x00007ffba73d9000 	C:\WINDOWS\System32\NSI.dll
0x00007ffb9f950000 - 0x00007ffb9f969000 	C:\WINDOWS\SYSTEM32\dhcpcsvc6.DLL
0x00007ffba0150000 - 0x00007ffba016e000 	C:\WINDOWS\SYSTEM32\dhcpcsvc.DLL
0x00007ffba43d0000 - 0x00007ffba44b8000 	C:\WINDOWS\SYSTEM32\DNSAPI.dll
0x00007ffb9f9d0000 - 0x00007ffb9f9dc000 	C:\WINDOWS\SYSTEM32\WINNSI.DLL

dbghelp: loaded successfully - version: 4.0.5 - missing functions: none
symbol engine: initialized successfully - sym options: 0x614 - pdb path: .;C:\Program Files\Android\Android Studio\jre\bin;C:\WINDOWS\SYSTEM32;C:\WINDOWS\WinSxS\amd64_microsoft.windows.common-controls_6595b64144ccf1df_6.0.22000.120_none_9d947278b86cc467;C:\Program Files\Android\Android Studio\jre\bin\server;C:\Users\Kien\.gradle\native\fdc75f09e3144964f2cf3f50f0aa648679c211496f362492102eb8c894070792\windows-amd64;C:\Users\Kien\.gradle\native\12488b8bf47d2d4c9fbf2f6322a914ad602e24e48041cd04a747c6da556b65c4\windows-amd64

VM Arguments:
jvm_args: --add-opens=java.base/java.util=ALL-UNNAMED --add-opens=java.base/java.lang=ALL-UNNAMED --add-opens=java.base/java.lang.invoke=ALL-UNNAMED --add-opens=java.prefs/java.util.prefs=ALL-UNNAMED -Xmx1536M -Dfile.encoding=windows-1252 -Duser.country=US -Duser.language=en -Duser.variant 
java_command: org.gradle.launcher.daemon.bootstrap.GradleDaemon 6.7
java_class_path (initial): C:\Users\Kien\.gradle\wrapper\dists\gradle-6.7-all\cuy9mc7upwgwgeb72wkcrupxe\gradle-6.7\lib\gradle-launcher-6.7.jar
Launcher Type: SUN_STANDARD

[Global flags]
     intx CICompilerCount                          = 3                                         {product} {ergonomic}
     uint ConcGCThreads                            = 1                                         {product} {ergonomic}
     uint G1ConcRefinementThreads                  = 4                                         {product} {ergonomic}
   size_t G1HeapRegionSize                         = 1048576                                   {product} {ergonomic}
    uintx GCDrainStackTargetSize                   = 64                                        {product} {ergonomic}
   size_t InitialHeapSize                          = 266338304                                 {product} {ergonomic}
   size_t MarkStackSize                            = 4194304                                   {product} {ergonomic}
   size_t MaxHeapSize                              = 1610612736                                {product} {command line}
   size_t MaxNewSize                               = 965738496                                 {product} {ergonomic}
   size_t MinHeapDeltaBytes                        = 1048576                                   {product} {ergonomic}
    uintx NonNMethodCodeHeapSize                   = 5830732                                {pd product} {ergonomic}
    uintx NonProfiledCodeHeapSize                  = 122913754                              {pd product} {ergonomic}
    uintx ProfiledCodeHeapSize                     = 122913754                              {pd product} {ergonomic}
    uintx ReservedCodeCacheSize                    = 251658240                              {pd product} {ergonomic}
     bool SegmentedCodeCache                       = true                                      {product} {ergonomic}
     bool UseCompressedClassPointers               = true                                 {lp64_product} {ergonomic}
     bool UseCompressedOops                        = true                                 {lp64_product} {ergonomic}
     bool UseG1GC                                  = true                                      {product} {ergonomic}
     bool UseLargePagesIndividualAllocation        = false                                  {pd product} {ergonomic}

Logging:
Log output configuration:
 #0: stdout all=warning uptime,level,tags
 #1: stderr all=off uptime,level,tags

Environment Variables:
JAVA_HOME=C:\Program Files\Android\Android Studio\jre
CLASSPATH=D:\Program Files\Code Projects\Flutter\easysalon_users_app\android\\gradle\wrapper\gradle-wrapper.jar
PATH=C:\WINDOWS\system32;C:\WINDOWS;C:\WINDOWS\System32\Wbem;C:\WINDOWS\System32\WindowsPowerShell\v1.0\;C:\WINDOWS\System32\OpenSSH\;D:\Program Files\Git\cmd;C:\Program Files\Java\jdk-16.0.2\bin;C:\Program Files\Cloudflare\Cloudflare WARP;C:\Program Files\dotnet\;C:\Users\Kien\AppData\Local\Android\Sdk\platform-tools;C:\Program Files (x86)\Intel\Intel(R) Management Engine Components\DAL;C:\Program Files\Intel\Intel(R) Management Engine Components\DAL;C:\Users\Kien\AppData\Local\Microsoft\WindowsApps;D:\Program Files\flutter\bin;C:\Users\Kien\AppData\Local\GitHubDesktop\bin;D:\Program Files\Microsoft VS Code\bin;C:\Users\Kien\AppData\Local\Android\Sdk\platform-tools;;D:\Program Files\flutter\bin\mingit\cmd
USERNAME=Kien
OS=Windows_NT
PROCESSOR_IDENTIFIER=Intel64 Family 6 Model 142 Stepping 9, GenuineIntel



---------------  S Y S T E M  ---------------

OS: Windows 10 , 64 bit Build 22000 (10.0.22000.708)
OS uptime: 0 days 0:16 hours

CPU:total 4 (initial active 4) (2 cores per cpu, 2 threads per core) family 6 model 142 stepping 9 microcode 0xf0, cmov, cx8, fxsr, mmx, sse, sse2, sse3, ssse3, sse4.1, sse4.2, popcnt, avx, avx2, aes, clmul, erms, 3dnowpref, lzcnt, ht, tsc, tscinvbit, bmi1, bmi2, adx, fma

Memory: 4k page, system-wide physical 16249M (1299M free)
TotalPageFile size 30449M (AvailPageFile size 28M)
current process WorkingSet (physical memory assigned to process): 181M, peak: 181M
current process commit charge ("private bytes"): 407M, peak: 410M

vm_info: OpenJDK 64-Bit Server VM (11.0.12+7-b1504.28-7817840) for windows-amd64 JRE (11.0.12+7-b1504.28-7817840), built on Oct 13 2021 22:12:33 by "builder" with MS VC++ 14.0 (VS2015)

END.
